{
  "namespaces": {
    "dme-kb": {
      "vector_count": 21
    },
    "<your-pinecone-namespace>": {
      "vector_count": 810
    }
  },
  "index_fullness": 0.0,
  "total_vector_count": 831,
  "dimension": 1536,
  "metric": "cosine",
  "vector_type": "dense"
}
Logged upsert manifest to S3: manifests/pinecone_upsert_20250520_164922.jsonl
{
  "namespaces": {
    "dme-kb": {
      "vector_count": 21
    },
    "<your-pinecone-namespace>": {
      "vector_count": 821
    }
  },
  "index_fullness": 0.0,
  "total_vector_count": 842,
  "dimension": 1536,
  "metric": "cosine",
  "vector_type": "dense"
}
