
Searching Pinecone for: 'What sports programs are offered at DME Academy?' (top_k=5)
Found 5 matches for query: 'What sports programs are offered at DME Academy?'

Result 1:
  Score: 0.7070
  Canonical URL: https://dmeacademy.com/hockey/
  Entity Type: program
  No text snippet available.

Result 2:
  Score: 0.7058
  Canonical URL: https://dmeacademy.com/hockey/
  Entity Type: program
  No text snippet available.

Result 3:
  Score: 0.6747
  Canonical URL: https://dmeacademy.com/hockey/
  Entity Type: program
  No text snippet available.

Result 4:
  Score: 0.6514
  Canonical URL: https://dmeacademy.com/hockey/
  Entity Type: program
  No text snippet available.

Result 5:
  Score: 0.6484
  Canonical URL: https://dmeacademy.com/hockey/
  Entity Type: program
  No text snippet available.

Usage for natural language search:
  poetry run python indexer/pinecone_doc_check.py --query 'your question here'
