[DEBUG] Starting relationship graph pipeline main()
Fetched 420 records from Postgres kb_docs.
[DEBUG] Number of records fetched from Postgres: 420
Upserting node: label=Other, doc_id=190425c66d41c547b58aebfea4d958bda94efb7c18c7891c630be4943eaee371
Upserting node: label=Other, doc_id=27dd9b1dfcbfbe9d32bd55e0ae03eb1aa26e549189bc22540190bf46af4862ac
Upserting node: label=Other, doc_id=454c880d9ed86c3f47f9e975bcc69d3a39accebebb055ea1fa5c46e6d983f9db
Upserting node: label=Other, doc_id=0d2b1a776417f85148c415a6fe054f355ebc1b4ab02a90d58491daa17f2c9945
Upserting node: label=Other, doc_id=3576b64a0d75573304b4d32f5ea0e17b939249ccb857907d37d4c3bed905cc12
Upserting node: label=Other, doc_id=40e8652d9b41bdd4c207aea27b257594579aa4b694f45aa7cd91d654202f6130
Upserting node: label=Other, doc_id=a4ba00783cb3e7a1c3acc7294146930edb0b8a2b84bff49ab0556c7f49bc9a0a
Upserting node: label=Other, doc_id=3a9288f03418ef2eb1d16f8693c538aea7118b3583f73fdd75f1a3645075ea2c
Upserting node: label=Other, doc_id=1532fd890432b4dc493523e9112e33a731955b088b043fa79d005a79f5875985
Upserting node: label=Other, doc_id=b4b386a387990f4fab8bdade5cba6a30a12d841dcde5a6e98b01086274488aa8
Upserting node: label=Other, doc_id=457a8a5db0b4e36086e2c81306f5461910e4bb4b2d5091bdf0cf292296a95d8a
Upserting node: label=Other, doc_id=b3faeaf990b238a70934c7d0d32d723167c69fe7a886f0b255c3a034250a9c07
Upserting node: label=Other, doc_id=c5466631fedfb5ac15aa1dd50b30a6962da0dd8979809266b744e8c610381ad9
Upserting node: label=Other, doc_id=fc4ceb7d4479273c9d1a095912300eb019d3c9b2f012e641805a86ec581ed6d5
Upserting node: label=Other, doc_id=c94b11d604acbcc12c7b48a9e5a219fe78737417ea734f35bfd8cb9b366c3daa
Upserting node: label=Other, doc_id=c365c1ee2425dfc78349f30107197f00d561baa170e20cb149271d5088be66f5
Upserting node: label=Other, doc_id=b92403e67a33aab2a377142c5684942cc08b092c1ba644525cff0b487c22abdc
Upserting node: label=Other, doc_id=e644a71fd180543ff0b5835fa486c27df73ad5390e5214b3363bd002b99cc217
Upserting node: label=Other, doc_id=76f0982b28663850212e08558135a64283401ea9f89e2c26b214b0c9593da847
Upserting node: label=Other, doc_id=0288746d08c9d80ddfde9e0cd1f81938531febb14a504b3ff109885e40c0b22b
Upserting node: label=Other, doc_id=cfeea076a020ed3650b83ceb3d3d25a16dad2a7d8b81583ec864786931936921
Upserting node: label=Other, doc_id=393ec5e73c1fcab06f7f4bef15a561beb8f4b1711ef0ff5b870a8af141e3db33
Upserting node: label=Other, doc_id=a119a00154d6a5c3454ef706a6389305c3fc65c1536ca1843830932539ab533f
Upserting node: label=Other, doc_id=eb13dbd5cfae928cb932f3b1c69be0988c489bdd55dcc3583447f92d95ad5fee
Upserting node: label=Other, doc_id=8651e6c712d50fbc9c92afe5dcd2a85828ac3ffac86e04230ac99377578e5cf9
Upserting node: label=Other, doc_id=4008ca894650a18086e1cf26c402a5f927eef3f3d49f71a17c7de29413736228
Upserting node: label=Other, doc_id=76bfa5d8cbf61b02a6395b53c78f4029bb80bcb7ce95567f74477cc1aa9d8fd1
Upserting node: label=Other, doc_id=4d54a4342f1d9ffb3b8cfff0337371c27f72d62979e241e72ea8c35640a8d7bc
Upserting node: label=Other, doc_id=23053284a2214c1a209f650d1579c1a477e7d8598c2d8e617eda3ad8bd09116f
Upserting node: label=Other, doc_id=6dba9dd8e46a6c09c831684a9091940e2cd03ab267bfaef76b89b8f070f8bfbf
Upserting node: label=Other, doc_id=dd0fb1ca207ab9f3a9d3d299c3a44785a42669e8300ef39dc3cf0264e4b91587
Upserting node: label=Other, doc_id=19361ab4dfc3f0479216322f10020c3ffe28a70e397dd98a86434d70865b35f8
Upserting node: label=Other, doc_id=1e7c299618c3f375f7d5c1249f5435f20379b27ba5fff172d9981b7b8ac04578
Upserting node: label=Other, doc_id=9fe5ba64235e46b3cf4419c57f98ffb4e2ffa43c4dd5754c275c923861e8363c
Upserting node: label=Other, doc_id=3906914231214746f1d22b930c0c57689458337dc74bbdca84f5721a63d3100a
Upserting node: label=Other, doc_id=2feae2c4438a705c9106d0deafdd267b019557ea51470f276f18477fe4dddca8
Upserting node: label=Other, doc_id=c257ecdbbe83bada816eccb2079d8ea6d6e5c85d9c257d3246e1b8aa2e9cdd1b
Upserting node: label=Other, doc_id=3124f7fc49d5fd1cfb2bd8f8a9cdae8c05e03a9d7cda46dd719767e582607ff1
Upserting node: label=Other, doc_id=68433b64bec311da0b834d614fbb39cdd33e98ac6b51aad0c198ace972c44cfe
Upserting node: label=Other, doc_id=c0e96f1b5ec489af00b310e3e29c1f3f1acda599b8da04fd662a583947a41ee9
Upserting node: label=Other, doc_id=c7f209983f59f9c3617eed29931ff37f3d6dc5ada71d36589bc231d04d877fb9
Upserting node: label=Other, doc_id=b2f11752b16a7609d84cdfcc7a0b8826a6539c2235303131cb3750cea40f5485
Upserting node: label=Other, doc_id=6734b33dae9bfb011280a787fe775d8477366b13a8eb68c6b80d94eb03438bf4
Upserting node: label=Other, doc_id=bdd8f4fd0448280bfacfbd92d7bf8cc9c01ba78d3c25c12272abbc770052e823
Upserting node: label=Other, doc_id=bb12dae8d33be23c3f82dcee9a84118cf8d033f30ecf3c3ae7b83f02e3860ccb
Upserting node: label=Other, doc_id=cab93d894a56f2931e65698725109453c8c457522f714454d2282bc9ed67bd2a
Upserting node: label=Other, doc_id=7211e6de161e69896ee87726fe31e55c82a132a0451ce9ebdfaed1d07a774b7f
Upserting node: label=Other, doc_id=5438bd34334cdb1922a5553bec656877086dbd1828b4c910488737050da1a73a
Upserting node: label=Other, doc_id=2d42315d5d0c86fb6bf473c0b5c2d68b324cf6e5d9f1a1180d2345189c009af4
Upserting node: label=Other, doc_id=4635096699fd68d73c1e3e6bb9333fc8fe897eaeaec1e581437120939afd0125
Upserting node: label=Other, doc_id=e6ed3946122299e110c73340720761e861cc1121d0ff0f4cb048f7818801d0ae
Upserting node: label=Other, doc_id=1af9e92a1dcddf235fbf42f1e3185a04c49dbb624015d8db350e7ed216d2fdee
Upserting node: label=Other, doc_id=d75b7b99eb749d56b034515f8784803943d0fd7adf0566a26f83154315957241
Upserting node: label=Other, doc_id=89553bb759ee2453456d5426b3383df7a283bd298cf5c421ae99184ef4fbc3fa
Upserting node: label=Other, doc_id=4cf0353382c0a2e3a9e22370c604ea291b755a411d13acf0f22eb6d2b3b0a8c1
Upserting node: label=Other, doc_id=fb59b18e203d88d4984a877a927b3511e9c2e87284c3c4ad0403a79d27424a35
Upserting node: label=Other, doc_id=6266eb01cd0a957f05371eb17a7d8742005b405cc77a8c3a75fb312b3507bdae
Upserting node: label=Other, doc_id=d6ed63163a3416824720d68785234d7e2dbd1cc7d50865943fd37b071dda247f
Upserting node: label=Other, doc_id=f42692af70738343e05dfb34b57d33f077fad899d5ca7671ac0f918aca8b551b
Upserting node: label=Other, doc_id=51e8ce7457542fed8ac9aa8414f79596b64e48ab6824703abc7450af11813d1f
Upserting node: label=Other, doc_id=305ae0cab8f18a5349da7233519f1e96884559c151157869c29ae2587b0e22a1
Upserting node: label=Other, doc_id=9764669a247b93f24254a9822e9c60e880add2015e1caa37522c2348de103196
Upserting node: label=Other, doc_id=501371aa8bca373beab6b5db597bff29311d2bac23498bdeb0294fcb26b658c4
Upserting node: label=Other, doc_id=545417954afcb582bcfda626f589e943a59c72e4596e93ef03f7533b473eb862
Upserting node: label=Other, doc_id=987a4afcf83952464547f35908d9770adb696a91f6df01574ceff7ab620818f7
Upserting node: label=Other, doc_id=e1e92a3229b8d62e60bec8b708b27cd56680b81a7d366925fb74a80e2f848ecc
Upserting node: label=Other, doc_id=2fa0ca88f0d549ffa0814e7184351903199193fa9687ae62085c4f47b010a40f
Upserting node: label=Other, doc_id=b811ed301fcc9fb410726e63b379ae44a2d43939f080390196ee44353eac3f34
Upserting node: label=Other, doc_id=20d9b6bf8e2e627f4ba4f5ad924f48f7451ed87a956bdcd53f3a2531c3468bb1
Upserting node: label=Other, doc_id=7d44ab978bd96873c1c1c0194f75c38e55498d9c665b512cbf7906f4657f69db
Upserting node: label=Other, doc_id=21ffc6dfc78bdb698dba781d16e08f3a6c646522cffe70919541f1ddb30b2602
Upserting node: label=Staff, doc_id=a9f2fe24a7f86717d169e99c6e381bc4d8a90f4be6078f2fbc7579c7d5f2f249
Upserting node: label=Other, doc_id=6723f04c3a573c0657a829e63b0d38b29c1e709246688c3e16166be9fde060b0
Upserting node: label=Other, doc_id=dabc50f2070d47b9ca01ef6a5af35c5ebabeaad4fa437fd87a8de2ebda5d9942
Upserting node: label=Other, doc_id=2f4a564624787ff47ab24deb31990361d3041cecbf4d6a4ce1f0c90197f1edca
Upserting node: label=Other, doc_id=a4fde6a811989743c48c8a4d00b5290647422b7a3fa8342f3ecb5636b681e47b
Upserting node: label=Other, doc_id=6b571d488bbc70ecc07c635a841adab42d77b9d2e50cd5ee06522ac3a6ed6dfc
Upserting node: label=Other, doc_id=fff62f9548b3963ceab01d2c490b511afccb0c5b6a73c0e82802568d46974731
Upserting node: label=Other, doc_id=561ac2582f952193f09d9b72a5d30207fd5fb859354c1339d888d687a38e7683
Upserting node: label=Other, doc_id=fa59506f6cbfe9963d791bc18bf2b2393989ca40057b05099f5e2c5269057b4a
Upserting node: label=Other, doc_id=f688e4f5a62408767b7243b24df15142c0e216d27e6fb6e20b9cc7b6fac16d75
Upserting node: label=Other, doc_id=e05948f7f769eb0233e810494930db9f4e25dc3ce2a2b4261c2f46c119e41897
Upserting node: label=Other, doc_id=7d8bb4842d71d84e58096d3c7d6788e2eb655b034255175caa6582b0eb832748
Upserting node: label=Other, doc_id=eb275ed2b314670b44dd1ee9ffcec1605e2ae56b9eb6ba3920429eac5eebdeab
Upserting node: label=Other, doc_id=4cc4d14ca1c1faeecd60cb442ab153c4fc5c8e860f80c6bbfbcf7e56c3535693
Upserting node: label=Other, doc_id=6ee60fc89d2721d0960f729e72e25b6520e9b4b8ac5dad31f37518729d516912
Upserting node: label=Other, doc_id=d36d0558d8a85cb84078f4433539f1b73645dd72e8c25a37610c98bfee88f200
Upserting node: label=Other, doc_id=432ff126c4315497796b98e32bf90802f4e7507b1163127826993988b616825b
Upserting node: label=Other, doc_id=47039fd69d4ff58d41b5a2e01abfb798879fa401454a2d973b26c94d95efc251
Upserting node: label=Other, doc_id=4797ae1d1db22f76053dc80b9a15eb659ff74f9933dccdc878a9736cd4eadd9e
Upserting node: label=Other, doc_id=ba2ae2b095bc4cb937358ea691ab0a6792da4aeefe51ebd30d279d9721c18b61
Upserting node: label=Other, doc_id=9f69badf7e10640b7814e2d57b468463cc1b06a95de2ae3f36147636a7336d02
Upserting node: label=Other, doc_id=f27d3552450855f91cc03facf5328980b28d76b1869bf8847120cf809c8dde8b
Upserting node: label=Other, doc_id=3112d8c12a98d5bc58c4e6b181372ee83858cceedc037313414c9cfda39dd992
Upserting node: label=Other, doc_id=9990a22e7c387bcd0332cb2faf406c1c7cf036ab98f859f0f11bbea2776fc696
Upserting node: label=Other, doc_id=360d80bef03dcda304de6decdc2001d3152a603d34b161073a46683cccb1c5c5
Upserting node: label=Other, doc_id=b64d21e22b553febf85520c8fbd9b57db46c196f86cbf30bb148087d5b4a8524
Upserting node: label=Other, doc_id=bc603fcd14f8172d247c6874dcecdf301a0be5ec87758178d1a3cf5f45f51e3a
Upserting node: label=Other, doc_id=03d55fd588ec9b6985ba76e5b82cb006ae1c72f58b665e0c70d548695b0e5441
Upserting node: label=Other, doc_id=64ae0a78875bf5f082473b54807f374c2777282eb5d53ef38b461ee0b128444b
Upserting node: label=Other, doc_id=5e7e533758f1c3e38ff0b430b7918094d27718794a09fce355a604984e16187b
Upserting node: label=Other, doc_id=daf8d06ab43ed527da93ea82452a23b9299b391af56b24f52b7c721de3e8becf
Upserting node: label=Other, doc_id=93883ddbde301ed55b61b0852c2c1a5831751133c83553d78cc96fee1fee2505
Upserting node: label=Other, doc_id=b0cdbbbb21f282a9f167c76be08f377f4d133c6e61edcbabaf0b67efc90f9583
Upserting node: label=Other, doc_id=8986b6736663bab49e3286c3225d3edcc7d10af5b56b919b58ebec976722b9f8
Upserting node: label=Other, doc_id=6e95989e0fc8f2e6983c94d4254c7ea21629be557593f9f076fb8d225e1ce6be
Upserting node: label=Other, doc_id=ccf535865f1b9c2ae791b5b57a1af01985fe5daead6a417b25e9fcfe90f713ab
Upserting node: label=Other, doc_id=415ee97aef509c5572c142f450b5b2f3d0a1ea0e910a325562a1d6adaa92bfd0
Upserting node: label=Other, doc_id=d241de94ecea178dc9642081fc58feec670dd133d869aaa36d193228636f943a
Upserting node: label=Other, doc_id=98899b918b0b56c3fd3888a4e274022b660893f6bef1dbe14e598c759df651ed
Upserting node: label=Other, doc_id=2236945013839960d37014bebeb07050caaf44d4e3172c57831e9c497efccd6f
Upserting node: label=Other, doc_id=9cd45d999e3ff984b5e452ca28cd11634bfd46b5ea23cb689e7d00aa958a5531
Upserting node: label=Other, doc_id=d74a24a77fa6cd8ec7b9a41c0004b735384dd34e59003c6275da4f8f582a7eba
Upserting node: label=Other, doc_id=4b57fd108dc8c611752f4f7ae74c0d3550a8fc71697e1a08b698ed70b6c30253
Upserting node: label=Other, doc_id=f54b4404fa79a0695c4e45eec0295380773d3c6dc3ad3d8045b8ab8132997504
Upserting node: label=Other, doc_id=6964d7803abcc5f8188c73ab7080ba0042730dadafe21ca5c463db8a90811742
Upserting node: label=Other, doc_id=c874a39a2a28e6680e02fa2557a5cc052b4a1599f3b80f4b0b24b82ee8c20e9f
Upserting node: label=Other, doc_id=528e946cc5ebc4621cd47ae5391b4634703ab5ff610e23f5047c4e3c89f6aee2
Upserting node: label=Other, doc_id=9c632160816fafdd37681237a334cdcfa0909580f1c3d753d699881666a220a2
Upserting node: label=Other, doc_id=e98a39baf01f4f3d1a2635b248ff88f1f55693852944ab98797b6884ff1aa7c8
Upserting node: label=Other, doc_id=5d2a730d16cd99a8c170b519c04b7637b39bb1beb84883ba959005db9c3b0b07
Upserting node: label=Other, doc_id=ec3134b0f0e504a12f7bbac3132c097db390cb59d61dcebcdae5da4ee53f70ae
Upserting node: label=Other, doc_id=df16fc5373834e31d4fc70bf0cea4e1a57c0bad48a8ca8d9ddc9bc7e0bf72dc0
Upserting node: label=Other, doc_id=4bb216ffb11627a06bf1fb042d05781c6fc9a7ba7eb34d0c9414cabb85bfa0db
Upserting node: label=Other, doc_id=a382809f6a48c2cade19f579d4e635b30acea519206e80be1b1fb696f1f249b0
Upserting node: label=Other, doc_id=559c8c1af4ad208c94b9aa0b5d780425518f3ba5044de80cd21b4f1151d5e2aa
Upserting node: label=Other, doc_id=a0271b9727b203bf3661b60f778655ce5891f6c7241132d55e009a968a70a8fb
Upserting node: label=Other, doc_id=05502a344796e89140a5406a1f2e82226a981fd46f5e534bb4fd165e6dfa1ec0
Upserting node: label=Other, doc_id=b5927aac64f523cf07cb4f7d48036750d04f8534068ca4cda7b2594b38eda48c
Upserting node: label=Other, doc_id=9c7fef49144451fa1cf2d7cfe5e217b054933497bb8dbf0e2bec9b2b3b070ac1
Upserting node: label=Other, doc_id=cbab1de489815c62d03d01988a4caf8fd033ebc58bb22586aadbcb91d7bce6a2
Upserting node: label=Other, doc_id=f40ab7cedb67e9685dfe222544986585202c544814eb61b68dc444affcc1bdea
Upserting node: label=Other, doc_id=6a0a09c58faf22870537928e6d5294e85b0cad2e4566f4d2f1da836c7c7cfce3
Upserting node: label=Other, doc_id=30080808215f467bbe614de352bc9c33e4ca8ff1e389649000bb5f77bc07b06d
Upserting node: label=Other, doc_id=8622ed29ca29c95ab920650f03013f123653aa540e1a2d4dfbaea71c541a6cd8
Upserting node: label=Other, doc_id=314f2d0219d6f36903e133b0ae89298f1a5773c2618d0055aaa4406a596c3759
Upserting node: label=Other, doc_id=04e82d84ecf815ddca2e03bec8eda72ee5e3bacef463bc6a0fa1e94a69037bb9
Upserting node: label=Other, doc_id=96d1b1ed6869395d3e9e5ce0001c48ec43722dcad0427da67efd2e9a53e47d4d
Upserting node: label=Other, doc_id=37270514d7d301800cb51bc5f538f90466769081475a44d463bcf6f7e237ea3c
Upserting node: label=Other, doc_id=fd5c1b48fae5f63ee834088e5fa5753508153bcf7842cc010e67475fd193bb84
Upserting node: label=Other, doc_id=762f863747a39f2be2b76e54de478b897dd91e16c862a9ef48069a15f546e170
Upserting node: label=Other, doc_id=13b89c23efc5c417e8b199c0b4df0b515cf269a9ffe57e43a59ea746a75c0003
Upserting node: label=Other, doc_id=659f777d557fc032b058c41f46000d77e210df674f74756d448a7ae8f086531d
Upserting node: label=Other, doc_id=a0f92ae3e06482980b6d05165d3e31b7478ea74955e02c6336fe60d421dd69c6
Upserting node: label=Other, doc_id=8dcdf592688bb448d66b31a6aa247641649514a43b39ba339462c5ff909fecf2
Upserting node: label=Other, doc_id=b40964deacb78d11ecaa60c54919ed0b80b9d0e38c9e7ab95344fccfdfb85b44
Upserting node: label=Other, doc_id=bf53781e89dfb0d866b90cd2f5973dfe8ddb3dc9887b99995789dc6079c8dc82
Upserting node: label=Other, doc_id=0e5b8c80dba410d7edecafa65625420659825ca79b7a8ff7b519bcb4ade57584
Upserting node: label=Other, doc_id=87a502892677fbed1c700942e27ca9a6f96aa92333ee66ea8ee9544de59d4102
Upserting node: label=Other, doc_id=dfd96ca8f12841f3f7a69091fcddc42684e8958a6fbae7f3a093520805271328
Upserting node: label=Other, doc_id=456be0e6b861ffc4aa6d702baf5099a93fa2bad6ddebe0aace27587c67c5a99e
Upserting node: label=Other, doc_id=406ddc27ee208aa71e226a2212f4db510a24d595c786262d0dadf6b16837fcfb
Upserting node: label=Other, doc_id=efebe154d19189cb0dba817eb8051887dc8c260cb410e03ee1b2f101a2eed00e
Upserting node: label=Other, doc_id=6b9d39b15d15911e7237efb0e73817afb521fe0ebd4d059a59dc0238a1c13e17
Upserting node: label=Other, doc_id=0c90466e6260d30415655dd5e1fa34b9870a5431a8b4d33cea79b648011bdcf2
Upserting node: label=Other, doc_id=839dd4dbd1a0e189c7c85ebdaa9b2b6a8bf48b2fe1b56f00b76ec4c6b2091eb8
Upserting node: label=Other, doc_id=05daacf006cc9ad1bf8b09039ef1e5ceab42be58768dde3a0cf07784bd9b40bf
Upserting node: label=Other, doc_id=8560a3eef84bfad3413e388847e7a61ac4ef1d27c662d9ae5c63f72dcaf3be5c
Upserting node: label=Other, doc_id=6dc08113dc07d86ad37d4a07510c8c1397c3505121873864a82cb488e71486ac
Upserting node: label=Other, doc_id=9e3ede082db92c35bdc338b6af7879f0d7a45dfdf82e9f661c34865a7e6f1a5f
Upserting node: label=Other, doc_id=4d2540630e372ef8a7cd4e2c9c44c0eb2cfe251e432471705d79615d09144a2f
Upserting node: label=Other, doc_id=8edab939742341f8cc621b2c656ecff137eb53a7f62fda1be16ef06697f3890b
Upserting node: label=Other, doc_id=77046ebd8431934477fb6a395b13d0ad2b09609f3c11c92376e18c966b4ba906
Upserting node: label=Other, doc_id=7a9a8d2091553712fad08879b8d1124742df0e4ecddeac91f02e463e69075ec2
Upserting node: label=Other, doc_id=509c8640fc5e355959342284f9f4ecb665bdc81cff5434c53222fe2ba63573b3
Upserting node: label=Other, doc_id=ea3979b039d3ea849d320e75e543c64556ac094dfdd1bf97090f37b79cb3ae2c
Upserting node: label=Other, doc_id=747ddf92781b77bd831610202d9c872132b0440bb8eadf728eebd61426a744c5
Upserting node: label=Other, doc_id=5b864fd332d974135cb0dfdde6aa1c7bfdc1382360b4ff68a83617011817a089
Upserting node: label=Other, doc_id=57dcb1f9689191c0823c36b0e213a54580af255c2909cda94c82072438bf844a
Upserting node: label=Other, doc_id=2b7b3a98b49b78989d00dc22bbf1820f6ef43f9824886de7ccea55ed5e73eecb
Upserting node: label=Other, doc_id=cee34b52ee9fdc91910b08a975c735a02fb368e8d2c0f4fedb1574e4f6ffe012
Upserting node: label=Other, doc_id=bcfa3d1b20e367640b8ce4fbc8b0827f7dc7d89f330d342b73cd0a199ac630fa
Upserting node: label=Other, doc_id=fa014b85fc42d6b0c21302e905d7000415512a4f400a15005db69ea47c71b079
Upserting node: label=Other, doc_id=c94b1e1946ab5037837b9645ec9efb57ad5e1dca8d11881df9457e7ca5922ac4
Upserting node: label=Other, doc_id=a276f2163717a75e1281f77e32793919069271356072270ee9f77577a9e6b0cf
Upserting node: label=Other, doc_id=ec2de760aefd2b21115729e083b74b0ba1eb463f361f9b7365f7611f7797b7bc
Upserting node: label=Other, doc_id=519f76635587f7ac2edfb654263651afd824b438614bd8848b911521de957e73
Upserting node: label=Other, doc_id=c00df32e370bbb360ffb5362c378f0c16a156f00d914c791821a633cc6b2801d
Upserting node: label=Other, doc_id=a737df2715efbde115ca28b18bd66485a4e899323c2fe58cf25a2317a94f1571
Upserting node: label=Other, doc_id=769ddea334d319059dafad085f1998180916377577a0eb064b87f4adaba6b98d
Upserting node: label=Other, doc_id=2a5f285a08cd7a9be104c7958d031fe368f64c5cea3ae3987ef7ee648f5e1fff
Upserting node: label=Other, doc_id=94a4b803885004552dfdcc85b56ec8fcb4b90914ff8ed16e6d90e8cda4fc3ee6
Upserting node: label=Other, doc_id=60d812612e29e7b465c809f6e1f88da2e47c1b57ec99bfe3f176cc0991050df5
Upserting node: label=Other, doc_id=fc4d559298cb220cda28883796d87de0a1f557769fc4aedede2abf0867f9d741
Upserting node: label=Other, doc_id=094cc045753d5b517cf05dbbc25c15ac0ba61b93aba87b14ba84ed8bd5dc3792
Upserting node: label=Other, doc_id=e56f380634773766c8c7ba67171ec957850fe33d7fffe1c48cf9ac97420fdabd
Upserting node: label=Other, doc_id=acaa91df8da8690f3684e8a0002ef17b9b067b8255a827c78a404b5acdd695b9
Upserting node: label=Other, doc_id=a79198092d28d09b8c64baeab6f4cbde7bf22e119d25cec235f8598c7b293b08
Upserting node: label=Other, doc_id=3f7882f1ee6f038b5e850b856248e61522a58dbb773bcabd166a602e4e9d1769
Upserting node: label=Other, doc_id=e77b93fe7e6a21dc60de6765d0a578a2a2ca6c8c2ef529f95304fe779a94774c
Upserting node: label=Other, doc_id=3c056e954986372517830bc2685e3e9f9c8a17815db39629ef5b4dd2f8514175
Upserting node: label=Other, doc_id=d4cee0f70d1bec574c88c1927da7015b53a7e64afbc197dbeeece8da5e2ad008
Upserting node: label=Other, doc_id=5dac12d6e89a08ba86420861a689e7757c9366f28e008e98746563c052a643e2
Upserting node: label=Other, doc_id=504ceaef57ea0deeef58dd996f267f9d15945e031c72325881a5be68130ca518
Upserting node: label=Other, doc_id=b4ecdf2e1d3002f047f30fefbaf4cd0ac3bfcf8d20a529694fc6c5e53650e28b
Upserting node: label=Other, doc_id=31177467fe0aeea47859b081ef1c533711bcfeb79e91a96a2a6a6f65a5deceed
Upserting node: label=Other, doc_id=508aaae94b2c3591ef807854d95abfd3caca83728db39fefade10a5246a9cc18
Upserting node: label=Other, doc_id=716c48f72ba540631468ca6f6d8ca0c3aa74f1e55c6a7a400de1ee64c31e7fc5
Upserting node: label=Other, doc_id=b444b0c1290ff5f2b7295436f1835c5560f5c7f10104f3000c179e7f7f55c868
Upserting node: label=Other, doc_id=e071188a358de574531b6e4ef799068485dcc1ddff8987a435b253789c040270
Upserting node: label=Other, doc_id=cfbd6b550503d968a723d9aba8b32620eaa3ca5b2e40d1340d3be0b6bf247c73
Upserting node: label=Other, doc_id=39c0aed249226d0581091ab41d72ac97aa884e7f48d93f7243cf4e3a8d7bd298
Upserting node: label=Other, doc_id=3ff6112cf65d7263fadcff691d00fa36f1b6886fa95f463bcef90176b9b84ce3
Upserting node: label=Other, doc_id=f778122b395ad6833a84a7d8caefb22f4f9a10f40918eb0d2e8b7ab41a447fd6
Upserting node: label=Other, doc_id=229fa4a0b6671e47610da5ab98006fd69950d1267884f50b82d88496a2a6a09f
Upserting node: label=Other, doc_id=c64473f374b3c731e684606301d5a6e16e4e826fd3f97441ea6140e8a8c57c8f
Upserting node: label=Other, doc_id=e04e6d445c6b85472fda5177d39936abc3343ebe8c338499e35423a72f16d7d1
Upserting node: label=Other, doc_id=dc4fe496f1df63dfc309dc5bf0b1818697ee4c7481f22b3af3802dbf70242052
Upserting node: label=Other, doc_id=7eb61dcf115f6e7fbf7358808b75d66eca5fb34fb1926012daf5c4ea2b2c1489
Upserting node: label=Other, doc_id=8e3b14ca25b1e4a91358702c8900ca07a59c4d9c1a5f6a9c34b673fc1c3940dd
Upserting node: label=Other, doc_id=8500f7f212b8221bc1b476e08235501e7842656c9b069f2620f7450b24922a30
Upserting node: label=Other, doc_id=9e5f80679b0bded41eb79d37acf41de80182ab0374dd689b254a95c85c70e686
Upserting node: label=Other, doc_id=37fc32db9f342eec9689722982b80915612f14f795fe7a8a123c34b78c47d527
Upserting node: label=Other, doc_id=b4c60b4123a389fa1d0c37534129ca42275550898bb2dc0701d4cf271bf7ff29
Upserting node: label=Other, doc_id=6afe8f072d81c96ee726582a4f5bf342901cbe060ff630eefc9eaafe3a3cd92d
Upserting node: label=Other, doc_id=3d62acb1d622103d29ec8839268fccd1f02005e27fde1cda7431907446c04a53
Upserting node: label=Other, doc_id=7733a2a36cf795dec2c89bde0a194f4f9b604443f79b5044a33447e372c51194
Upserting node: label=Other, doc_id=97601cb8cdd4a7c971300f9c09ec545d5073d440cc9075c85b2686ab2f8ac489
Upserting node: label=Other, doc_id=7220da7f3c3e9e8cd384a94fc1e840927300cb193b26f6534368e29840765cfa
Upserting node: label=Other, doc_id=9d65fc7a3318076fbc4f2c58ab4172b8e88be6b4d6a681acfc75c2c0686f3a91
Upserting node: label=Other, doc_id=c3a1afd73fefc5210705008104691565def0c957bd1dda7abe5c3166c0a7f89f
Upserting node: label=Other, doc_id=52603d088381275f959ed5d475e31206d7393b9f27b98bbf046e4986e5dbb8f3
Upserting node: label=Other, doc_id=03ce3370c4261bf2a8423977900fa82d0a6a1389a5fde69b4d60e75e926ca626
Upserting node: label=Other, doc_id=8db6bcf9e80e9b380b5068754ca4c40fd7e4599a882579eca7f69c60357a2a0b
Upserting node: label=Other, doc_id=1a27809c7346e1f234ede44dc83aee970fb2ec8f0b2078a22c1b55e4506aded7
Upserting node: label=Other, doc_id=7c4939915efada53e5851cb468108e248c2be513726b6ee79e30ee4adbd1acd3
Upserting node: label=Other, doc_id=e56016f77576f065ca612abc16d12e93f2bff78b37d3f6aa59e09570096d9bdf
Upserting node: label=Other, doc_id=91d98baadb7f66a48465a847acfd4dd3b32b962529dc57e80483f9f45a6bfa71
Upserting node: label=Other, doc_id=a89c2c386d0b27b9b8366955b2be2682d9b644cb2dedcbd4b5ce6d06e2a7c9ff
Upserting node: label=Other, doc_id=93f5791c0fab57d928442213d6e7d78ea739e0d3ba1168c421fb6adba4f5ecc4
Upserting node: label=Other, doc_id=f9064ef832b88b22bb5acf248917b2beeac3b2223a9e4e949c4e1d4a1da7eba0
Upserting node: label=Other, doc_id=b821c57e54d61c11c92bfc64676badfdd71988e1ab2c5e3214b43b03f473841c
Upserting node: label=Other, doc_id=5f7048f8a2924cdb2e9e476620d28f97b87c20a530acd5d438fcc36b75114416
Upserting node: label=Other, doc_id=79f64cdfec2ccdbdab510efd5a833d71a3744998a5bd011856669ffa5c221736
Upserting node: label=Other, doc_id=2f03e3aafbd430e6bcaa5b640907ab0dfae2cb5c53dbaf135d2025700595162c
Upserting node: label=Other, doc_id=6b4b586d37fc30caf3535c972d917d53ef109bcd8697ae3b02b1e0574b44a8b7
Upserting node: label=Other, doc_id=6a61e94e13c2bf6a58bba618d8937cb5a32dc523543d56b59689e0f5ac7f5776
Upserting node: label=Other, doc_id=0790953a6dae1e7dd026952be2c48caeb74abe4dd8f70f06c4d58d402f2d5a6d
Upserting node: label=Other, doc_id=eda6bf87be8651ab1c423ccee8cdb683556ce36378515002af090ce7a656c435
Upserting node: label=Other, doc_id=ae99ccb8edc6a6b1b187e655938e60f737083bf978bd709763522b271a4cbfe0
Upserting node: label=Other, doc_id=7d65a06d70dcdd8cd7aa358994db58490fcb6c58ef23dbcbb5260730906bafcb
Upserting node: label=Other, doc_id=c75d4ccab1777fbd5bbc73ea6bc0548581118dcdf37de6e4f027c9748cbb9423
Upserting node: label=Other, doc_id=bf956073e685cd346a583fa4c7aed0e7322a4ee8d521f6546bcd15f278dde520
Upserting node: label=Other, doc_id=06983d1ff8a08eef820e155ede2de79784d1f52c68968828ce2bd2336806260e
Upserting node: label=Other, doc_id=7763f7b871c7eabe50082e25d411764ab1b6c97367e531df78cb65f08a18570d
Upserting node: label=Other, doc_id=8223c5e907c8c8c39c5510fa20b101096426a733a97a3fc3383b358fad8ae7a8
Upserting node: label=Other, doc_id=6956900936354494880e729e8bfa282c792e02a2a427550279d8572bba9579a9
Upserting node: label=Other, doc_id=732d5d28e714f0e2a4db5a325276d82dfe546fc58c8f6c49e0829bfc7dae1596
Upserting node: label=Other, doc_id=6ed78455b351c42689e9d58b86109f7b477264b3428ab5b91708b4d962f0d37a
Upserting node: label=Other, doc_id=a755b8b9100f345707390fee403d797181a09b403f151757cee736c910da1aa3
Upserting node: label=Other, doc_id=389157b292a5a9c7fbdf10212826792f838f3eee21cee5031791605db0c29a55
Upserting node: label=Other, doc_id=03e0c4f4f1d41f135bb0585e3cd1d1c8d6ad202ef36d10a19f1da2d0bde2b40c
Upserting node: label=Other, doc_id=8f233c016a0d98ba5c4983b9cf2b6aae6b6e5afadf00681b8939dd08f5ec0ef9
Upserting node: label=Other, doc_id=94c765604be58f00d4c765c45412ae643da939c83ca8e55cee49edd1c0335331
Upserting node: label=Other, doc_id=af3e313f4ce1fa8556db731e83170c0f951c7f22eaf8db21e63aff6cc451da86
Upserting node: label=Other, doc_id=3873556ccd475f582992bbac70adffa8aed5e32fafd9af251edfc00a601b293c
Upserting node: label=Other, doc_id=6a98ef7b8da9c4fa16242426acccaea54f3efa75cf89d6074e923ae6a8d114b2
Upserting node: label=Other, doc_id=ecaefd83d098c696a4e1ce8324095d128cec7d57a52fa7f6b86259c075d073f4
Upserting node: label=Other, doc_id=94420f659b786cd700f5cadb27a7a4ab6300617fe4e5fd6a8cab045ebcb37128
Upserting node: label=Other, doc_id=4fd6d669d827c9259f0bcdf16e7019cdc4108da1cece7d8876928eec0e2dc098
Upserting node: label=Other, doc_id=372664abc3dbe3456a0047d3e2ee8d499d17ded4abac0407e0e194034fcb0ee9
Upserting node: label=Other, doc_id=46affb18abb83b4fd80c052ab981ce116c3c3e098acd32c88fdab6d1793a3c62
Upserting node: label=Other, doc_id=328293f3453630ea5d7b660792d3c2696ce1ddaff64a8051931df2cf84748b61
Upserting node: label=Other, doc_id=df83d9fb5d3285aa6fb6ae8bdd21a27fffc0adabf470fab03066ea826932d3b6
Upserting node: label=Other, doc_id=c8954fe9d6082d2fd223a072e911b8bb9898cc5bfd09c0e9d9aa27b002d3ea32
Upserting node: label=Other, doc_id=a03cd98b58d650d5f63c18663351feea523bc868092766cdf9b6447420ffa48d
Upserting node: label=Other, doc_id=e093cfac34d85cdf5dce90ac0815421612c6d88580da774c2e1f0d6b2d70c96f
Upserting node: label=Other, doc_id=3b6c7a2c7944a95f683729c0f021170720efb14926963ee5f9df2a5705cee8d6
Upserting node: label=Other, doc_id=19c6772f3941ddee8efc5f00cb3760f64038d6f15fb2d05bd4a2029b00d80255
Upserting node: label=Other, doc_id=0871b1bcbe759fc840d727ebb951a291b74615a481dfebed335cf81e8f2c6f2b
Upserting node: label=Other, doc_id=9dff46e75b3c62fb63ac365ab018a1386693189f1e794a514411ae70c5326967
Upserting node: label=Other, doc_id=e1021f1b5b465293535a5553617d6b6ccff1701a318c7bc225301d16767b149d
Upserting node: label=Other, doc_id=628bd178f0226161d7dca0b70387e8f5739eaff502789db4c3c0c52d14194b30
Upserting node: label=Other, doc_id=4c896d37f3cb586a2e6811a9a1f9cad32dffd383f65bd4ce8c0d3e3e4324bf23
Upserting node: label=Other, doc_id=81ebcb8ef94dd0599bb5f363aadf4af4f29477d621fa51bcd910efb853d5f372
Upserting node: label=Other, doc_id=b3d2ed963b480f4ff52c8135afb2a950ad021cf9a8f5ef370d097095384c00b2
Upserting node: label=Other, doc_id=3f31139cac8b36f0c920e565a66e5ecf040ffce4f294ae9df028e9a63acfe91d
Upserting node: label=Other, doc_id=31afe828cb12279be4423d207d36b6da193cd98f555d07dd78a07ea6088566c1
Upserting node: label=Other, doc_id=d1dd1cec5ce6d16ea50a7e815458091c2d913660defb71b922244693ac4ffbdc
Upserting node: label=Other, doc_id=cbef337cd0198a6b0812011b2c795cd37c7b3860da2a3959cc784fe460a80b4c
Upserting node: label=Other, doc_id=f94e13a5536f52ff3db1df6111b7a4bc2b42cc91f276556be7e6c953761404d9
Upserting node: label=Other, doc_id=b20584b2989cd8684a9bf8da9100efefe17b7f4b14c097498d9711424b64954d
Upserting node: label=Other, doc_id=4e082dd4b25460b95597df451d5eb162dbc9f9116753f280557b59d101ce131f
Upserting node: label=Other, doc_id=1144a0c31792e241fa063fb3edbc645b9637b121edfeb68c8d7b3d5a2e5ea681
Upserting node: label=Other, doc_id=4571faca2e972e89323d99f2f244545e7d4815d98ebe39ba343194ee8edfa203
Upserting node: label=Other, doc_id=e0cad72174319dc071027cfbe2723df97a80adcd70e6313534bc27fcb03724c8
Upserting node: label=Other, doc_id=84749ed7b14ef9c52551b215e14fd1c9e91f95be5891ba4ddc136409a92effe8
Upserting node: label=Other, doc_id=665bc1ded717510b2ee2146759c0f888dc06170bff992034f842398b2fe7a360
Upserting node: label=Other, doc_id=eb5a4e752b61cd470bc4af110b60b1280b4dbb11bb5136f44bc779ad95cbd63e
Upserting node: label=Other, doc_id=fbe46d6d71c45adb0bcc91e2607110daab32dfd6be0e00e407270c3bf8a8aecc
Upserting node: label=Other, doc_id=11741b1a36788f7444df6b72d9c0fc6fea292ce89361db112a6056cd09721926
Upserting node: label=Other, doc_id=1bd403f5d80ec7a253d71c1ddbb4bd4a1e1f75f4a6c8492727178594df6c5cbd
Upserting node: label=Other, doc_id=55a119d2ace7c2d4ead7e0da4946277a40946cd71949b98362763431f2e08047
Upserting node: label=Other, doc_id=3f20821c6b541b2868eea4028b4abb3cbd08b683d7a8c39de048b74ac81669bc
Upserting node: label=Other, doc_id=70e9f11e34d93eaf724a8805299f7e30eb3defc043dac0a162a2e57f9c44a013
Upserting node: label=Other, doc_id=c26a1415132ec98a6db8ca85f68e85508ba125cf8653bb8099890ad4f2c5a567
Upserting node: label=Other, doc_id=4877b35e1a7794afe8957a95379e293f087645fde8a1a27da50daf6e1b1ce466
Upserting node: label=Other, doc_id=1e820ec85a544e3949017e46a20123a152c321868c5026342165e47702be8c0e
Upserting node: label=Other, doc_id=593f046152b88830bbe20440cf0c477044bebb2a20045d94df143a5f8f3a6cfd
Upserting node: label=Other, doc_id=cd52aa28182755eb31ebf49a0d1d427797e9cc69101cbee99ca7b7bf8e22251c
Upserting node: label=Other, doc_id=d5ffa4edf43ac3c31925753058305807d88cc3fda177909500a240819415ee97
Upserting node: label=Other, doc_id=36a2d16bf2eae8f474bfcb74a4757896a4df08162e6b985fa227cdb511d081a7
Upserting node: label=Other, doc_id=c510acf4a81a5b90b83f5fb635d83171fcfd266ac4703b1168bcd9b16bb73ea5
Upserting node: label=Other, doc_id=a01f191216da832ea931945d3e74a41a56056f1c0b839e78d02ad754f709c2fd
Upserting node: label=Other, doc_id=7d282ff9a5a0eac39573995d74539d5bda960ed634138c6055f6f31a106ee9a4
Upserting node: label=Other, doc_id=2839b7a8abdca9790d7d126405509b384f1395f1f4623aa06e87fb47783f843f
Upserting node: label=Other, doc_id=da65eddf180c75a4557c6b230416734d8a9adb22eab87350727000857a1da6f3
Upserting node: label=Other, doc_id=1788b4ccba857b99cfd0708c8e31974ed533d38af65229f31290fcf90a0f8a75
Upserting node: label=Other, doc_id=3dc9ef1d633680d3aed4218ec4d36e087fc6f314a07011f0ed33b9578ef464da
Upserting node: label=Other, doc_id=0298be31baaebc39424de3b174a83d78b263ef4c1f3df5d2d9f6358cf0069902
Upserting node: label=Other, doc_id=9dd788773b0d982cb3baa78242640500b2dd00b414fe0fc9afc01fad28c06deb
Upserting node: label=Other, doc_id=db314b41b0b574a521649f6ea76541c1fa5b07306f0e6c1f22714264f33e6f3b
Upserting node: label=Other, doc_id=947767130664c32536c58f8cf07b5aa0fec99a760be605b52d449dd54ba6bfdc
Upserting node: label=Other, doc_id=18f0dc8b16cf5a0bdf25bb6f611deb5e62925d87101d92d8d3e27b76c7dbe4ed
Upserting node: label=Other, doc_id=14cad05dacb2c475996380e97f1432ab2fa4ab01e8f9e1d5a1aac6a2a1693442
Upserting node: label=Other, doc_id=9becc3a0a05f57588956838a2d53e796cd7f55794b7dd591dab5bd8c5473d6c7
Upserting node: label=Other, doc_id=772286cc69bdf181da360855dad834b64f997ae52e9fb824d649304cb596b5f7
Upserting node: label=Other, doc_id=61bfabd019b9952c0f4bf5ac0012afdd99ecef49b3c1b02cbc28c1efcc8e670e
Upserting node: label=Other, doc_id=be315a5477bdcf1b1c7ba157527337963d0c80ce685c523c80b834e1b8968b00
Upserting node: label=Other, doc_id=c6827bb9c738e626a92f9c9ddcdcac32eafd9b655fc1caf1aaecfc64df4fd6d5
Upserting node: label=Other, doc_id=87df6eb1ab7506e83c462fd88b69d39ded3579c964266ba7f996dda5c49585b4
Upserting node: label=Other, doc_id=f6c33489fc5d1f835ec4e9e09eb13cf219010a0e7770dc319b8b72007293ef3b
Upserting node: label=Other, doc_id=4870e09db6138e77acd18dcf1bd86511d0c3b9f6275f3e8ba2c64cef40b80e17
Upserting node: label=Other, doc_id=a7e0afd7932da70c4067ac2e4b57adf35505e3a8ce4a38df06cc9bb36cfdeeca
Upserting node: label=Other, doc_id=207feea9fd209a29eec200a99f9531910924fe8d61b39cbf49db76e3aebcb99e
Upserting node: label=Other, doc_id=06f5f9814e79d92ae9b37c6ad65d1db05fd9958896eca6b51a0044a4128a9419
Upserting node: label=Other, doc_id=48ae945b028d537030f296b20e5c192ec3bc2fafd114a6f433cf73d1be4277e9
Upserting node: label=Other, doc_id=f5f937192d6db895288ba1cecece61a055d8f238894e44d571e5769622d756b1
Upserting node: label=Other, doc_id=0e627978f498a5017150290e0a62083ee9ecbe246c637131076d48175729489a
Upserting node: label=Other, doc_id=bfd58261aabbba288757451169b11670b3a8b5ae6983a9d0e1a62903228b60be
Upserting node: label=Other, doc_id=3c1248d92648f6ce5ea961349e8a3404b79cbfc59a2208aa9a4e676dec231559
Upserting node: label=Other, doc_id=b3b97c0ea4eb38e51c5990e9cf431bd5f624ebdfacafbc0b54477a0db4b771a6
Upserting node: label=Other, doc_id=ecf84d707029297f904945a99274d5320bf4fdca6921e320fda21bd528b04eed
Upserting node: label=Other, doc_id=e5a0ac63a33af117dadca0b69116562c34379307133b0f136d03e0ec21a93647
Upserting node: label=Other, doc_id=acb26ff9d12ecd6da372956d8e37833cbc3226d414c3385491563788ea59f5fd
Upserting node: label=Other, doc_id=c0f33b3c2c45049f5ef0b8f12fdf07cea60caf1364f26810909e94a4a83db448
Upserting node: label=Other, doc_id=9811141170eba8220b31dbe28b46b35b454c91fee456f399aa9c906e755cde19
Upserting node: label=Other, doc_id=c438f3bc522fa79a15b81deaa50cb63ea43379e35acbbee50a97b97c0bc55c5d
Upserting node: label=Other, doc_id=b90e17b30cc15529ee5f9f3b7f43ec41f806e8412f5d974ee8613d30715a2734
Upserting node: label=Other, doc_id=f5928cddfcd43130b15f5f3eb9433c41be6bf813bb9bf1445e42808d53dde12b
Upserting node: label=Other, doc_id=697460c353beb08211d78fa9e3ae72b872c690983f44b3bafb46ea203e964cb3
Upserting node: label=Other, doc_id=3954fed3b994b76cc70e108a7d321c02b0628747107e65f726f6339c77318e4a
Upserting node: label=Other, doc_id=b623b892a8c48717f525841ebccbc56fa179763c62214b81caebc2c414ee2656
Upserting node: label=Other, doc_id=35e836f16859af8ccd91a2b865d0c003ee03db4f8c4185db1df700fc5bdc1f72
Upserting node: label=Other, doc_id=bfa367633ab33637d52bcdf81700cd8b3c8c85fdc4f11ba93e5fbe6ce216524a
Upserting node: label=Other, doc_id=681d7dd3605615a0e50b6ba30eadf668041f282388ef262873a7ab0cfc9a5429
Upserting node: label=Other, doc_id=a918dcfe282d3c5b9adf8b51dda32c13dc0989386aee212eac9cedaa7fdc23e4
Upserting node: label=Other, doc_id=f4208204c49166da5f95c5899c7d64661dd48335a3ad7d2d6a37ec27e3396172
Upserting node: label=Other, doc_id=8ea9e0b214810357cfc6041aeea8d602f3bb3ef77750aca770b266bcc8c82be1
Upserting node: label=Other, doc_id=09348fafcf59afcbb251b9ef3f9c8be7d0a689b98d0b64ef6c6800e6190e1bc2
Upserting node: label=Other, doc_id=26b349e4909331c699b124fe5dfb0f6a243bdf993984a5e0588568c6d1c0efb7
Upserting node: label=Other, doc_id=850bf256016abed97dec89c5a037044cdf92e422982da7534d52f448bbaa8528
Upserting node: label=Other, doc_id=b12e36b42ffcc9f639d2bc46c71b47399c7abfb9628c045cb1d44acda996309e
Upserting node: label=Other, doc_id=792bf0824b2c189626cf64f0102975a4883a883a127bdd9465c3ee2242bb2196
Upserting node: label=Other, doc_id=fde665fe448887b6e3ac8118b885fbcef2847183f4f477d78b44fbb4ae704fcd
Upserting node: label=Other, doc_id=ce445eae4103464330de984fda9549ca425e57444318d3a74742b6d7a477ee9b
Upserting node: label=Other, doc_id=89cacaf065eaaa43547195206e63699e2cba52c0d7cd2ee6bd9e67499e861505
Upserting node: label=Other, doc_id=13ddb36c6289e466b081f59657fb0d631ec11b97bd30cb96660b4907f03749ae
Upserting node: label=Other, doc_id=6d15d7c7b52fb914e302d6c408f5e64937ff24468df597fd28e2e7d3fb6828b1
Upserting node: label=Other, doc_id=84d4efa8332c5d0a6bf3b5708f08af6854c64aa8f618479781ae1e5cfd745c81
Upserting node: label=Other, doc_id=842f60217bc8b0e2b99cf26108f7e97c9384ea7fe166267e669e4b5855a06daa
Upserting node: label=Other, doc_id=76edf33c9189db5da07d45ebfee58aed1aaf1d2b0cff05fc32bb816d2acaccd1
Upserting node: label=Other, doc_id=165d2975c2dc2de3f0a1a72e6350471354a733085fdd708847cd744eeecf9ffe
Upserting node: label=Other, doc_id=3abfcd34e03143cc835bc63cd41704eabc3b89b04bb04cc6837c0ad6cbc72d91
Upserting node: label=Other, doc_id=d7b4ac376a107e41e26f72c8ca4815ab7db873df4a958caaa5adfedb193bd61d
Upserting node: label=Other, doc_id=761be29f81b56b325ba5f5afc5d5a5662aaded3f893c9d61079fece63490b389
Upserting node: label=Other, doc_id=fea32dc72428467d2ef262a97669850ff56f0b4a0cd17a75c9af8c2114ba4eb4
Upserting node: label=Other, doc_id=dfc3db5974e86ec1dfa9e3cc464ec414a76cd76a8f5a6541e6f3a0571a5df892
Upserting node: label=Other, doc_id=0695c5bbe6efce0be1c68f139f5bc88a4fe3c1a6bfc445159c59f8130f66bad9
Upserting node: label=Other, doc_id=97684de65df6a664c20cc2548b7fc7afb23f5e850ab4fb6ee3bf7291b9bb11b2
Upserting node: label=Other, doc_id=33e4a3e96199bf912bea572be0ba1703c1734409ba6bc3c527e4c24ed29445d3
Upserting node: label=Other, doc_id=d92208bad563546e45642bb030f6a39430a43e97751b94bd0c0211e811d40a69
Upserting node: label=Other, doc_id=1607e78cf2082a8daecbda427802f80d8b8ba0d50f755d566a7c5a1d5531ca61
Upserting node: label=Other, doc_id=d2b908a8a45730029204d1b60cd0e4743bbf6c54049d1d8e95db1c4771a5a227
Upserting node: label=Other, doc_id=4d8a17e1d7d8b813df54e3ca233536395441f7bf3340d77a926c60c306b407f8
Upserting node: label=Other, doc_id=03c2dcb80f246abff601434c7c0f0599117a4c82862fc8e7f6135e956baf56e9
Upserting node: label=Other, doc_id=a6d4c5e6dfd38e813d765f076acd7aae71cd5c94f9cedf05bc357a9e53ecd49f
Upserting node: label=Other, doc_id=caeb819a4cd7deb7a0f3235d5db602027a7049a47a2111c97064261ec7fe4455
Upserting node: label=Other, doc_id=46dab8f1a97475b885f7dd362b3c4379f4ce48c57b6aaf5fa668f8912e54a7dc
Upserting node: label=Other, doc_id=aa292f77a97584a92a89335be96d5723df720f242af18918e4ac9a8c0bee6e52
Upserting node: label=Other, doc_id=907b70e12e52c9ad863c606fc6de10d3f4daef795506e3aa446f295a77d961f2
Upserting node: label=Other, doc_id=8ac29bc5fd705dfc7cb8802948a7837492e5fa34e73e912d7d89d2316a646584
Upserting node: label=Other, doc_id=da89a99f94adcd459d8abf7fbbff7370b35fa4e5e4a75117c9d40b7bc1bd8eac
Upserting node: label=Other, doc_id=429d10538048d0b1d653363fd8345ceea33ea7311572573b0decbb59534ad297
Upserting node: label=Other, doc_id=6ce714fdf8dddf5894b109406a69478b680d08c2caa8060a1b87452bf9faf42d
Upserting node: label=Other, doc_id=aa1371244f0cf1f58c51aa3e6125379ca0f6dcd598a1f8c10f0b046bfc78a93b
Upserting node: label=Other, doc_id=34fc5977cc6432cff902dcce883f0fa61a6dd40087c45bb501b0a5db03813e65
Upserting node: label=Other, doc_id=dacaa86896bf06da5eefa9d25c2bf4fe6ec65ff8154472d74cf0a84100f9efba
Upserting node: label=Other, doc_id=bc8feb05f5a11b8ab20882d22c2b621fcc9090a22d3d3cf9c9b26f802ae2768a
Upserting node: label=Other, doc_id=89d5039d543ff117b0d37227cc4c1b19430a3cceb47571bd4646e50cb686c3ba
Upserting node: label=Other, doc_id=8be83996ecf4842b8be696f90dd1f139dc1199f564053e8791d0ae009b428fc9
Upserting node: label=Other, doc_id=390900b5885ee335022e01c5afe967b28efb6f00bd4c2fe6c0040b8cffa97bab
Upserting node: label=Other, doc_id=40aaa7a4d190902a04efbb7ba1e77d737b98670e0d0b5bb2a4c04818aa383097
Upserting node: label=Other, doc_id=2ac55c1c9decdaff1fdfd1684326cc394178e18b3122d71e5409e61e9c82349d
Upserting node: label=Other, doc_id=bff2b5a6beee8d56e0d8deb981a0f8e55789b2adfd63b3a4d9b06416bcff4824
Upserting node: label=Other, doc_id=e31eb1aae9bc9b927e287f02fd2ce23b0cc66e3acdd40090484d026552870d12
Upserting node: label=Other, doc_id=f10638c6bcd2b2eea1ace1453bbe71627d1d071e6aa640ef1dcd1970c64a326e
Upserting node: label=Other, doc_id=809c2c668bf8b55a3ca6b5178d8ed5074d781e737057699c8bb503ff81aadce9
Upserting node: label=Other, doc_id=d24161105900c7c163f820f081b75fdfc9b5cfaa9421079dbb9abae9c9df559d
Upserting node: label=Other, doc_id=fd145249a3db17ed8b28765b8f3e0661b22af545e7887d1886a565166dd1fb38
Upserting node: label=Other, doc_id=5e64713f7f5268203cb041c43dec18311c6fd6cbec6e86d114475a90176a460a
Upserting node: label=Other, doc_id=721bdf690d460ac6101705378d94963dc0174e0b1e3d68a6ea6c1db69b0a9ee4
Upserting node: label=Other, doc_id=386282db1d39b6ee921fff4844ec5aedb9d3fc20f01f3edea9974cc13961ded4
Upserting node: label=Other, doc_id=2e5f31dd2f095020f3e3dcc528cee227139c9ddf1cbf9b1021a54bb3bcd51652
Upserting node: label=Other, doc_id=c890b0fe0abeef85c31b3553d8a4dc80703b83760d1e5270ea7fee5ebe47215f
Upserting node: label=Other, doc_id=7848930e28c3ccdd8acfb43aa44bc5491e5e1235c48f16f79bdf2313a06edf6b
Upserting node: label=Other, doc_id=94c8f84d83c2c8b1571c50540c6af9fa3fcc64a2d25be3e9429bd214263b08d3
Upserting node: label=Other, doc_id=5081e6e41d67b1182e513ac0c530799b9c8c58c6ca3d9c743b5408d45990a2c5
Upserting node: label=Other, doc_id=ae300299c55742c3857054f0a5c35a58625beb319ee2340cd7b6abd4dbd401bd
Upserting node: label=Other, doc_id=877d3ea3821d803836ae35d2cc2e73bb220df9f14e9ab0925a747633d732da5b
Upserting node: label=Other, doc_id=130d556c379d8ce687d50fff234b33bdd451684d6a0f35e21a152ee2ea5dc15b
Upserting node: label=Other, doc_id=e1678ff4f6595d5860477bc07338408b33142399f3506148f6a45e7ae2e4b166
Upserting node: label=Other, doc_id=faa127bc5abfb633c7e0199e67b2cdc29a0643e76d6dfc0b5e765cc6f8ef95b7
Upserting node: label=Other, doc_id=f616a62c9a1588d65c5edbef7f2cd804297278ceaa3b3c056ffeeabceb20eb99
Upserting node: label=Other, doc_id=dc54ebdab61fbaaa50d45fffe9308a63e1a6cac25db5335f059a70474b79b87e
Upserting node: label=Other, doc_id=07638a1900edb077fd9c2f39ab38bcc177b85d8d9a51f7a82869151925a15cd4
Upserting node: label=Other, doc_id=7f6d71994ba0f5a889a39419cf37026c51d3b964c3abcb77e210cd34e7dbd6f7
Upserting node: label=Other, doc_id=5327c33772284c15a43cfaaa225ea3ff58af73822af25e44459b09edcbeae2d4
Upserting node: label=Other, doc_id=0f9bfd883916ae6607607f47ce7e50bf2895815ffe67fa0926b5a85ba979486a
Upserting node: label=Other, doc_id=f59dd16cf2db0db9c070e0381fa6c00830a07acf17046bd650be912b84f099dc
