{
    "Contents": [
        {
            "Key": "raw/wp_pages_26894_5c0bc5695e70c9cc04b7af275b485fe005dfc0541c685b298f3c28df1614c473.json",
            "LastModified": "2025-05-18T18:26:12+00:00",
            "ETag": "\"0c04223b4d85f3b6e52a2743cb037906\"",
            "ChecksumAlgorithm": [
                "CRC32"
            ],
            "ChecksumType": "FULL_OBJECT",
            "Size": 22434,
            "StorageClass": "STANDARD"
        },
        {
            "Key": "raw/wp_pages_26897_a38b9c40c20bc4c128b9c9dc3d30588b356a5b2c85930f68e3a6704c223c39bb.json",
            "LastModified": "2025-05-18T18:26:12+00:00",
            "ETag": "\"1248cb55504b2c4ecf902903206ef1cd\"",
            "ChecksumAlgorithm": [
                "CRC32"
            ],
            "ChecksumType": "FULL_OBJECT",
            "Size": 18505,
            "StorageClass": "STANDARD"
        },
        {
            "Key": "raw/wp_pages_26908_0ebc1afeffea49a86ca3aa7e530ee029189d6562babed170e43d1cd4f2b6bdb2.json",
            "LastModified": "2025-05-18T18:26:12+00:00",
            "ETag": "\"f73aa657cabbdbc204315142ce2e5318\"",
            "ChecksumAlgorithm": [
                "CRC32"
            ],
            "ChecksumType": "FULL_OBJECT",
            "Size": 19541,
            "StorageClass": "STANDARD"
        },
        {
            "Key": "raw/wp_pages_26917_3c99bf941e35706a3396b9c87989860f8e6ead2e464534b1e180f3826bc8bca0.json",
            "LastModified": "2025-05-18T18:26:11+00:00",
            "ETag": "\"66d280f950bb54e566b89dd66bbd2c52\"",
            "ChecksumAlgorithm": [
                "CRC32"
            ],
            "ChecksumType": "FULL_OBJECT",
            "Size": 34044,
            "StorageClass": "STANDARD"
        },
        {
            "Key": "raw/wp_pages_26922_da44647e734ecf3b66d8582974c0aeb8ae3cb1c2a4bc2aad3edbbb722f0a2b90.json",
            "LastModified": "2025-05-18T18:26:11+00:00",
            "ETag": "\"4c42dcfc3f6e29def3d06fb2dc3925a7\"",
            "ChecksumAlgorithm": [
                "CRC32"
            ],
            "ChecksumType": "FULL_OBJECT",
            "Size": 14075,
            "StorageClass": "STANDARD"
        },
        {
            "Key": "raw/wp_pages_26943_eaafb7c97346671d1477dd72df800636de69e2730630259ba41fe06823885ae6.json",
            "LastModified": "2025-05-18T18:26:11+00:00",
            "ETag": "\"19c2f7809d8cc69714ac824ee4834b0d\"",
            "ChecksumAlgorithm": [
                "CRC32"
            ],
            "ChecksumType": "FULL_OBJECT",
            "Size": 10922,
            "StorageClass": "STANDARD"
        },
        {
            "Key": "raw/wp_pages_26949_d41f2a8f2dcc1b96cc2397c8df6ecf151c6df8adf7200fa38a9952b9f9eefa61.json",
            "LastModified": "2025-05-18T18:26:10+00:00",
            "ETag": "\"d61950f063966c92fa540c5f1c5df872\"",
            "ChecksumAlgorithm": [
                "CRC32"
            ],
            "ChecksumType": "FULL_OBJECT",
            "Size": 15865,
            "StorageClass": "STANDARD"
        },
        {
            "Key": "raw/wp_pages_26955_ac5bdb69ad972ebc6fc57212d0345e546c166241f3e2c327bb280475bd107174.json",
            "LastModified": "2025-05-18T18:26:10+00:00",
            "ETag": "\"2bcfb3d5eefb8129b4db5088996bc77f\"",
            "ChecksumAlgorithm": [
                "CRC32"
            ],
            "ChecksumType": "FULL_OBJECT",
            "Size": 9757,
            "StorageClass": "STANDARD"
        },
        {
            "Key": "raw/wp_pages_26970_8281f8ebfe060582191a84809dc3639ca448979f97d389c1b9181d7885d59a31.json",
            "LastModified": "2025-05-18T18:26:09+00:00",
            "ETag": "\"f78db8d7420878b49328383c668741f4\"",
            "ChecksumAlgorithm": [
                "CRC32"
            ],
            "ChecksumType": "FULL_OBJECT",
            "Size": 12883,
            "StorageClass": "STANDARD"
        },
        {
            "Key": "raw/wp_pages_27013_f3454fc5791fef26ccea1b023759c498cb6593dee62badc92310121236e82934.json",
            "LastModified": "2025-05-18T18:26:09+00:00",
            "ETag": "\"9a980e093ef70ab1af5ff9bbd2ea9d78\"",
            "ChecksumAlgorithm": [
                "CRC32"
            ],
            "ChecksumType": "FULL_OBJECT",
            "Size": 40783,
            "StorageClass": "STANDARD"
        },
        {
            "Key": "raw/wp_pages_27142_fca22d94909bc7cf2a915648a053eb58fb1da3f95c1987f2d0bc936887e9e1cd.json",
            "LastModified": "2025-05-18T18:26:09+00:00",
            "ETag": "\"8f8871daf871fd3c99f3a451a4cd841c\"",
            "ChecksumAlgorithm": [
                "CRC32"
            ],
            "ChecksumType": "FULL_OBJECT",
            "Size": 9547,
            "StorageClass": "STANDARD"
        },
        {
            "Key": "raw/wp_pages_27191_273d0cfe76e4dabcffdc86e8912ee154e40d41c778680c63aec280b0feded94f.json",
            "LastModified": "2025-05-18T18:26:08+00:00",
            "ETag": "\"e0bb799c13e805f5542722e94fb1008d\"",
            "ChecksumAlgorithm": [
                "CRC32"
            ],
            "ChecksumType": "FULL_OBJECT",
            "Size": 11248,
            "StorageClass": "STANDARD"
        },
        {
            "Key": "raw/wp_pages_27268_f8839f952de41ce7b9b4bdd4f149f430cc7d6ccc167d614ec7a5ea9cd4cbf070.json",
            "LastModified": "2025-05-18T18:26:08+00:00",
            "ETag": "\"6d6c4118f83142e1fb9b0f2d7287bd63\"",
            "ChecksumAlgorithm": [
                "CRC32"
            ],
            "ChecksumType": "FULL_OBJECT",
            "Size": 8860,
            "StorageClass": "STANDARD"
        },
        {
            "Key": "raw/wp_pages_27493_0cb42b829d4125005d5ca83f1da7973ed6799a380ef169f73d21f5c93be9a8e8.json",
            "LastModified": "2025-05-18T18:26:08+00:00",
            "ETag": "\"83f18f04132a327620983748d4f08d79\"",
            "ChecksumAlgorithm": [
                "CRC32"
            ],
            "ChecksumType": "FULL_OBJECT",
            "Size": 10474,
            "StorageClass": "STANDARD"
        },
        {
            "Key": "raw/wp_pages_274_dc861c88b8261c037fd9f350079fa32527aad730c00f14f1ca3661cfbab9d785.json",
            "LastModified": "2025-05-18T18:26:15+00:00",
            "ETag": "\"5257097e5bb8a994a5edb1e055da8bc8\"",
            "ChecksumAlgorithm": [
                "CRC32"
            ],
            "ChecksumType": "FULL_OBJECT",
            "Size": 17958,
            "StorageClass": "STANDARD"
        },
        {
            "Key": "raw/wp_pages_27568_95ead972644931643b22eca4376230496f59583f7689460d38211fbfa77ac460.json",
            "LastModified": "2025-05-18T18:26:07+00:00",
            "ETag": "\"3b65582abfc07a9b49dd88539c2ab9a6\"",
            "ChecksumAlgorithm": [
                "CRC32"
            ],
            "ChecksumType": "FULL_OBJECT",
            "Size": 21407,
            "StorageClass": "STANDARD"
        },
        {
            "Key": "raw/wp_pages_27587_a21f77e429691fbdf946586af0119cffeae79107a6c134eeb742d7185f7cbe3e.json",
            "LastModified": "2025-05-18T18:26:07+00:00",
            "ETag": "\"464536b29aa940eb977ee93a7e19654d\"",
            "ChecksumAlgorithm": [
                "CRC32"
            ],
            "ChecksumType": "FULL_OBJECT",
            "Size": 7625,
            "StorageClass": "STANDARD"
        },
        {
            "Key": "raw/wp_pages_27612_4d726e7afc0d2b9cb8365be1ffc0a99f07ab94d8752c1025894ba0b12a5ebd59.json",
            "LastModified": "2025-05-18T18:26:06+00:00",
            "ETag": "\"d7b5fb9a43e48b09a3be5ff97cacb8e8\"",
            "ChecksumAlgorithm": [
                "CRC32"
            ],
            "ChecksumType": "FULL_OBJECT",
            "Size": 14607,
            "StorageClass": "STANDARD"
        },
        {
            "Key": "raw/wp_pages_27637_533b9672cab52ff6c33077b9600681719a96f2b623a2a15e2b77a78700193db5.json",
            "LastModified": "2025-05-18T18:26:06+00:00",
            "ETag": "\"3cc65d948489cce88439815a9ffb4a17\"",
            "ChecksumAlgorithm": [
                "CRC32"
            ],
            "ChecksumType": "FULL_OBJECT",
            "Size": 15098,
            "StorageClass": "STANDARD"
        },
        {
            "Key": "raw/wp_pages_27682_8f09d36cc0cfc7eb1abf2b085cd4de23ba63dec2bbd37175ea9ad70c65b3a230.json",
            "LastModified": "2025-05-18T18:26:06+00:00",
            "ETag": "\"694c4660c6ee8b8afbe17456799985c5\"",
            "ChecksumAlgorithm": [
                "CRC32"
            ],
            "ChecksumType": "FULL_OBJECT",
            "Size": 7032,
            "StorageClass": "STANDARD"
        }
    ],
    "RequestCharged": null,
    "Prefix": "raw/",
    "NextToken": "eyJDb250aW51YXRpb25Ub2tlbiI6IG51bGwsICJib3RvX3RydW5jYXRlX2Ftb3VudCI6IDIwfQ=="
}
