{
  "namespaces": {},
  "index_fullness": 0.0,
  "total_vector_count": 0,
  "dimension": 1536,
  "metric": "cosine",
  "vector_type": "dense"
}
Logged upsert manifest to S3: manifests/pinecone_upsert_20250520_005738.jsonl
{
  "namespaces": {},
  "index_fullness": 0.0,
  "total_vector_count": 0,
  "dimension": 1536,
  "metric": "cosine",
  "vector_type": "dense"
}
Logged upsert manifest to S3: manifests/pinecone_upsert_20250520_005807.jsonl
{
  "namespaces": {
    "": {
      "vector_count": 200
    }
  },
  "index_fullness": 0.0,
  "total_vector_count": 200,
  "dimension": 1536,
  "metric": "cosine",
  "vector_type": "dense"
}
Logged upsert manifest to S3: manifests/pinecone_upsert_20250520_005843.jsonl
{
  "namespaces": {
    "": {
      "vector_count": 300
    }
  },
  "index_fullness": 0.0,
  "total_vector_count": 300,
  "dimension": 1536,
  "metric": "cosine",
  "vector_type": "dense"
}
Logged upsert manifest to S3: manifests/pinecone_upsert_20250520_005915.jsonl
{
  "namespaces": {
    "": {
      "vector_count": 400
    }
  },
  "index_fullness": 0.0,
  "total_vector_count": 400,
  "dimension": 1536,
  "metric": "cosine",
  "vector_type": "dense"
}
Logged upsert manifest to S3: manifests/pinecone_upsert_20250520_005946.jsonl
{
  "namespaces": {
    "": {
      "vector_count": 500
    }
  },
  "index_fullness": 0.0,
  "total_vector_count": 500,
  "dimension": 1536,
  "metric": "cosine",
  "vector_type": "dense"
}
Logged upsert manifest to S3: manifests/pinecone_upsert_20250520_010040.jsonl
{
  "namespaces": {
    "": {
      "vector_count": 600
    }
  },
  "index_fullness": 0.0,
  "total_vector_count": 600,
  "dimension": 1536,
  "metric": "cosine",
  "vector_type": "dense"
}
Logged upsert manifest to S3: manifests/pinecone_upsert_20250520_010112.jsonl
{
  "namespaces": {
    "": {
      "vector_count": 700
    }
  },
  "index_fullness": 0.0,
  "total_vector_count": 700,
  "dimension": 1536,
  "metric": "cosine",
  "vector_type": "dense"
}
Logged upsert manifest to S3: manifests/pinecone_upsert_20250520_010140.jsonl
{
  "namespaces": {
    "": {
      "vector_count": 800
    }
  },
  "index_fullness": 0.0,
  "total_vector_count": 800,
  "dimension": 1536,
  "metric": "cosine",
  "vector_type": "dense"
}
Logged upsert manifest to S3: manifests/pinecone_upsert_20250520_010209.jsonl
{
  "namespaces": {
    "": {
      "vector_count": 900
    }
  },
  "index_fullness": 0.0,
  "total_vector_count": 900,
  "dimension": 1536,
  "metric": "cosine",
  "vector_type": "dense"
}
Logged upsert manifest to S3: manifests/pinecone_upsert_20250520_010240.jsonl
{
  "namespaces": {
    "": {
      "vector_count": 1000
    }
  },
  "index_fullness": 0.0,
  "total_vector_count": 1000,
  "dimension": 1536,
  "metric": "cosine",
  "vector_type": "dense"
}
Logged upsert manifest to S3: manifests/pinecone_upsert_20250520_010307.jsonl
{
  "namespaces": {
    "": {
      "vector_count": 1100
    }
  },
  "index_fullness": 0.0,
  "total_vector_count": 1100,
  "dimension": 1536,
  "metric": "cosine",
  "vector_type": "dense"
}
Logged upsert manifest to S3: manifests/pinecone_upsert_20250520_010337.jsonl
{
  "namespaces": {
    "": {
      "vector_count": 1200
    }
  },
  "index_fullness": 0.0,
  "total_vector_count": 1200,
  "dimension": 1536,
  "metric": "cosine",
  "vector_type": "dense"
}
Logged upsert manifest to S3: manifests/pinecone_upsert_20250520_010404.jsonl
{
  "namespaces": {
    "": {
      "vector_count": 1300
    }
  },
  "index_fullness": 0.0,
  "total_vector_count": 1300,
  "dimension": 1536,
  "metric": "cosine",
  "vector_type": "dense"
}
Logged upsert manifest to S3: manifests/pinecone_upsert_20250520_010437.jsonl
{
  "namespaces": {
    "": {
      "vector_count": 1400
    }
  },
  "index_fullness": 0.0,
  "total_vector_count": 1400,
  "dimension": 1536,
  "metric": "cosine",
  "vector_type": "dense"
}
Logged upsert manifest to S3: manifests/pinecone_upsert_20250520_010508.jsonl
{
  "namespaces": {
    "": {
      "vector_count": 1500
    }
  },
  "index_fullness": 0.0,
  "total_vector_count": 1500,
  "dimension": 1536,
  "metric": "cosine",
  "vector_type": "dense"
}
Logged upsert manifest to S3: manifests/pinecone_upsert_20250520_010537.jsonl
{
  "namespaces": {
    "": {
      "vector_count": 1600
    }
  },
  "index_fullness": 0.0,
  "total_vector_count": 1600,
  "dimension": 1536,
  "metric": "cosine",
  "vector_type": "dense"
}
Logged upsert manifest to S3: manifests/pinecone_upsert_20250520_010606.jsonl
{
  "namespaces": {
    "": {
      "vector_count": 1700
    }
  },
  "index_fullness": 0.0,
  "total_vector_count": 1700,
  "dimension": 1536,
  "metric": "cosine",
  "vector_type": "dense"
}
Logged upsert manifest to S3: manifests/pinecone_upsert_20250520_010635.jsonl
{
  "namespaces": {
    "": {
      "vector_count": 1800
    }
  },
  "index_fullness": 0.0,
  "total_vector_count": 1800,
  "dimension": 1536,
  "metric": "cosine",
  "vector_type": "dense"
}
Logged upsert manifest to S3: manifests/pinecone_upsert_20250520_010704.jsonl
{
  "namespaces": {
    "": {
      "vector_count": 1900
    }
  },
  "index_fullness": 0.0,
  "total_vector_count": 1900,
  "dimension": 1536,
  "metric": "cosine",
  "vector_type": "dense"
}
Logged upsert manifest to S3: manifests/pinecone_upsert_20250520_010731.jsonl
{
  "namespaces": {
    "": {
      "vector_count": 2000
    }
  },
  "index_fullness": 0.0,
  "total_vector_count": 2000,
  "dimension": 1536,
  "metric": "cosine",
  "vector_type": "dense"
}
Logged upsert manifest to S3: manifests/pinecone_upsert_20250520_010759.jsonl
{
  "namespaces": {
    "": {
      "vector_count": 2100
    }
  },
  "index_fullness": 0.0,
  "total_vector_count": 2100,
  "dimension": 1536,
  "metric": "cosine",
  "vector_type": "dense"
}
Logged upsert manifest to S3: manifests/pinecone_upsert_20250520_010830.jsonl
{
  "namespaces": {
    "": {
      "vector_count": 2200
    }
  },
  "index_fullness": 0.0,
  "total_vector_count": 2200,
  "dimension": 1536,
  "metric": "cosine",
  "vector_type": "dense"
}
Logged upsert manifest to S3: manifests/pinecone_upsert_20250520_010902.jsonl
{
  "namespaces": {
    "": {
      "vector_count": 2300
    }
  },
  "index_fullness": 0.0,
  "total_vector_count": 2300,
  "dimension": 1536,
  "metric": "cosine",
  "vector_type": "dense"
}
Logged upsert manifest to S3: manifests/pinecone_upsert_20250520_010932.jsonl
{
  "namespaces": {
    "": {
      "vector_count": 2400
    }
  },
  "index_fullness": 0.0,
  "total_vector_count": 2400,
  "dimension": 1536,
  "metric": "cosine",
  "vector_type": "dense"
}
Logged upsert manifest to S3: manifests/pinecone_upsert_20250520_011005.jsonl
{
  "namespaces": {
    "": {
      "vector_count": 2500
    }
  },
  "index_fullness": 0.0,
  "total_vector_count": 2500,
  "dimension": 1536,
  "metric": "cosine",
  "vector_type": "dense"
}
Logged upsert manifest to S3: manifests/pinecone_upsert_20250520_011034.jsonl
{
  "namespaces": {
    "": {
      "vector_count": 2600
    }
  },
  "index_fullness": 0.0,
  "total_vector_count": 2600,
  "dimension": 1536,
  "metric": "cosine",
  "vector_type": "dense"
}
Logged upsert manifest to S3: manifests/pinecone_upsert_20250520_011102.jsonl
{
  "namespaces": {
    "": {
      "vector_count": 2700
    }
  },
  "index_fullness": 0.0,
  "total_vector_count": 2700,
  "dimension": 1536,
  "metric": "cosine",
  "vector_type": "dense"
}
Logged upsert manifest to S3: manifests/pinecone_upsert_20250520_011133.jsonl
{
  "namespaces": {
    "": {
      "vector_count": 2800
    }
  },
  "index_fullness": 0.0,
  "total_vector_count": 2800,
  "dimension": 1536,
  "metric": "cosine",
  "vector_type": "dense"
}
Logged upsert manifest to S3: manifests/pinecone_upsert_20250520_011202.jsonl
{
  "namespaces": {
    "": {
      "vector_count": 2900
    }
  },
  "index_fullness": 0.0,
  "total_vector_count": 2900,
  "dimension": 1536,
  "metric": "cosine",
  "vector_type": "dense"
}
Logged upsert manifest to S3: manifests/pinecone_upsert_20250520_011233.jsonl
{
  "namespaces": {
    "": {
      "vector_count": 3000
    }
  },
  "index_fullness": 0.0,
  "total_vector_count": 3000,
  "dimension": 1536,
  "metric": "cosine",
  "vector_type": "dense"
}
Logged upsert manifest to S3: manifests/pinecone_upsert_20250520_011303.jsonl
{
  "namespaces": {
    "": {
      "vector_count": 3100
    }
  },
  "index_fullness": 0.0,
  "total_vector_count": 3100,
  "dimension": 1536,
  "metric": "cosine",
  "vector_type": "dense"
}
Logged upsert manifest to S3: manifests/pinecone_upsert_20250520_011330.jsonl
{
  "namespaces": {
    "": {
      "vector_count": 3200
    }
  },
  "index_fullness": 0.0,
  "total_vector_count": 3200,
  "dimension": 1536,
  "metric": "cosine",
  "vector_type": "dense"
}
Logged upsert manifest to S3: manifests/pinecone_upsert_20250520_011401.jsonl
{
  "namespaces": {
    "": {
      "vector_count": 3300
    }
  },
  "index_fullness": 0.0,
  "total_vector_count": 3300,
  "dimension": 1536,
  "metric": "cosine",
  "vector_type": "dense"
}
Logged upsert manifest to S3: manifests/pinecone_upsert_20250520_011432.jsonl
{
  "namespaces": {
    "": {
      "vector_count": 3400
    }
  },
  "index_fullness": 0.0,
  "total_vector_count": 3400,
  "dimension": 1536,
  "metric": "cosine",
  "vector_type": "dense"
}
Logged upsert manifest to S3: manifests/pinecone_upsert_20250520_011501.jsonl
{
  "namespaces": {
    "": {
      "vector_count": 3500
    }
  },
  "index_fullness": 0.0,
  "total_vector_count": 3500,
  "dimension": 1536,
  "metric": "cosine",
  "vector_type": "dense"
}
Logged upsert manifest to S3: manifests/pinecone_upsert_20250520_011531.jsonl
{
  "namespaces": {
    "": {
      "vector_count": 3600
    }
  },
  "index_fullness": 0.0,
  "total_vector_count": 3600,
  "dimension": 1536,
  "metric": "cosine",
  "vector_type": "dense"
}
Logged upsert manifest to S3: manifests/pinecone_upsert_20250520_011607.jsonl
{
  "namespaces": {
    "": {
      "vector_count": 3700
    }
  },
  "index_fullness": 0.0,
  "total_vector_count": 3700,
  "dimension": 1536,
  "metric": "cosine",
  "vector_type": "dense"
}
Logged upsert manifest to S3: manifests/pinecone_upsert_20250520_011640.jsonl
{
  "namespaces": {
    "": {
      "vector_count": 3800
    }
  },
  "index_fullness": 0.0,
  "total_vector_count": 3800,
  "dimension": 1536,
  "metric": "cosine",
  "vector_type": "dense"
}
Logged upsert manifest to S3: manifests/pinecone_upsert_20250520_011710.jsonl
{
  "namespaces": {
    "": {
      "vector_count": 3900
    }
  },
  "index_fullness": 0.0,
  "total_vector_count": 3900,
  "dimension": 1536,
  "metric": "cosine",
  "vector_type": "dense"
}
Logged upsert manifest to S3: manifests/pinecone_upsert_20250520_011742.jsonl
{
  "namespaces": {
    "": {
      "vector_count": 4000
    }
  },
  "index_fullness": 0.0,
  "total_vector_count": 4000,
  "dimension": 1536,
  "metric": "cosine",
  "vector_type": "dense"
}
Logged upsert manifest to S3: manifests/pinecone_upsert_20250520_011810.jsonl
{
  "namespaces": {
    "": {
      "vector_count": 4100
    }
  },
  "index_fullness": 0.0,
  "total_vector_count": 4100,
  "dimension": 1536,
  "metric": "cosine",
  "vector_type": "dense"
}
Logged upsert manifest to S3: manifests/pinecone_upsert_20250520_011839.jsonl
{
  "namespaces": {
    "": {
      "vector_count": 4200
    }
  },
  "index_fullness": 0.0,
  "total_vector_count": 4200,
  "dimension": 1536,
  "metric": "cosine",
  "vector_type": "dense"
}
Logged upsert manifest to S3: manifests/pinecone_upsert_20250520_011907.jsonl
{
  "namespaces": {
    "": {
      "vector_count": 4300
    }
  },
  "index_fullness": 0.0,
  "total_vector_count": 4300,
  "dimension": 1536,
  "metric": "cosine",
  "vector_type": "dense"
}
Logged upsert manifest to S3: manifests/pinecone_upsert_20250520_011937.jsonl
{
  "namespaces": {
    "": {
      "vector_count": 4400
    }
  },
  "index_fullness": 0.0,
  "total_vector_count": 4400,
  "dimension": 1536,
  "metric": "cosine",
  "vector_type": "dense"
}
Logged upsert manifest to S3: manifests/pinecone_upsert_20250520_012004.jsonl
{
  "namespaces": {
    "": {
      "vector_count": 4500
    }
  },
  "index_fullness": 0.0,
  "total_vector_count": 4500,
  "dimension": 1536,
  "metric": "cosine",
  "vector_type": "dense"
}
Logged upsert manifest to S3: manifests/pinecone_upsert_20250520_012030.jsonl
{
  "namespaces": {
    "": {
      "vector_count": 4600
    }
  },
  "index_fullness": 0.0,
  "total_vector_count": 4600,
  "dimension": 1536,
  "metric": "cosine",
  "vector_type": "dense"
}
Logged upsert manifest to S3: manifests/pinecone_upsert_20250520_012059.jsonl
{
  "namespaces": {
    "": {
      "vector_count": 4700
    }
  },
  "index_fullness": 0.0,
  "total_vector_count": 4700,
  "dimension": 1536,
  "metric": "cosine",
  "vector_type": "dense"
}
Logged upsert manifest to S3: manifests/pinecone_upsert_20250520_012128.jsonl
{
  "namespaces": {
    "": {
      "vector_count": 4800
    }
  },
  "index_fullness": 0.0,
  "total_vector_count": 4800,
  "dimension": 1536,
  "metric": "cosine",
  "vector_type": "dense"
}
Logged upsert manifest to S3: manifests/pinecone_upsert_20250520_012153.jsonl
{
  "namespaces": {
    "": {
      "vector_count": 4900
    }
  },
  "index_fullness": 0.0,
  "total_vector_count": 4900,
  "dimension": 1536,
  "metric": "cosine",
  "vector_type": "dense"
}
Logged upsert manifest to S3: manifests/pinecone_upsert_20250520_012221.jsonl
{
  "namespaces": {
    "": {
      "vector_count": 5000
    }
  },
  "index_fullness": 0.0,
  "total_vector_count": 5000,
  "dimension": 1536,
  "metric": "cosine",
  "vector_type": "dense"
}
Logged upsert manifest to S3: manifests/pinecone_upsert_20250520_012252.jsonl
{
  "namespaces": {
    "": {
      "vector_count": 5100
    }
  },
  "index_fullness": 0.0,
  "total_vector_count": 5100,
  "dimension": 1536,
  "metric": "cosine",
  "vector_type": "dense"
}
Logged upsert manifest to S3: manifests/pinecone_upsert_20250520_012320.jsonl
{
  "namespaces": {
    "": {
      "vector_count": 5200
    }
  },
  "index_fullness": 0.0,
  "total_vector_count": 5200,
  "dimension": 1536,
  "metric": "cosine",
  "vector_type": "dense"
}
Logged upsert manifest to S3: manifests/pinecone_upsert_20250520_012349.jsonl
{
  "namespaces": {
    "": {
      "vector_count": 5300
    }
  },
  "index_fullness": 0.0,
  "total_vector_count": 5300,
  "dimension": 1536,
  "metric": "cosine",
  "vector_type": "dense"
}
Logged upsert manifest to S3: manifests/pinecone_upsert_20250520_012417.jsonl
{
  "namespaces": {
    "": {
      "vector_count": 5400
    }
  },
  "index_fullness": 0.0,
  "total_vector_count": 5400,
  "dimension": 1536,
  "metric": "cosine",
  "vector_type": "dense"
}
Logged upsert manifest to S3: manifests/pinecone_upsert_20250520_012447.jsonl
{
  "namespaces": {
    "": {
      "vector_count": 5500
    }
  },
  "index_fullness": 0.0,
  "total_vector_count": 5500,
  "dimension": 1536,
  "metric": "cosine",
  "vector_type": "dense"
}
Logged upsert manifest to S3: manifests/pinecone_upsert_20250520_012516.jsonl
{
  "namespaces": {
    "": {
      "vector_count": 5600
    }
  },
  "index_fullness": 0.0,
  "total_vector_count": 5600,
  "dimension": 1536,
  "metric": "cosine",
  "vector_type": "dense"
}
Logged upsert manifest to S3: manifests/pinecone_upsert_20250520_012547.jsonl
{
  "namespaces": {
    "": {
      "vector_count": 5700
    }
  },
  "index_fullness": 0.0,
  "total_vector_count": 5700,
  "dimension": 1536,
  "metric": "cosine",
  "vector_type": "dense"
}
Logged upsert manifest to S3: manifests/pinecone_upsert_20250520_012630.jsonl
{
  "namespaces": {
    "": {
      "vector_count": 5800
    }
  },
  "index_fullness": 0.0,
  "total_vector_count": 5800,
  "dimension": 1536,
  "metric": "cosine",
  "vector_type": "dense"
}
Logged upsert manifest to S3: manifests/pinecone_upsert_20250520_012702.jsonl
{
  "namespaces": {
    "": {
      "vector_count": 5900
    }
  },
  "index_fullness": 0.0,
  "total_vector_count": 5900,
  "dimension": 1536,
  "metric": "cosine",
  "vector_type": "dense"
}
Logged upsert manifest to S3: manifests/pinecone_upsert_20250520_012732.jsonl
{
  "namespaces": {
    "": {
      "vector_count": 6000
    }
  },
  "index_fullness": 0.0,
  "total_vector_count": 6000,
  "dimension": 1536,
  "metric": "cosine",
  "vector_type": "dense"
}
Logged upsert manifest to S3: manifests/pinecone_upsert_20250520_012804.jsonl
{
  "namespaces": {
    "": {
      "vector_count": 6100
    }
  },
  "index_fullness": 0.0,
  "total_vector_count": 6100,
  "dimension": 1536,
  "metric": "cosine",
  "vector_type": "dense"
}
Logged upsert manifest to S3: manifests/pinecone_upsert_20250520_012832.jsonl
{
  "namespaces": {
    "": {
      "vector_count": 6200
    }
  },
  "index_fullness": 0.0,
  "total_vector_count": 6200,
  "dimension": 1536,
  "metric": "cosine",
  "vector_type": "dense"
}
Logged upsert manifest to S3: manifests/pinecone_upsert_20250520_012909.jsonl
{
  "namespaces": {
    "": {
      "vector_count": 6300
    }
  },
  "index_fullness": 0.0,
  "total_vector_count": 6300,
  "dimension": 1536,
  "metric": "cosine",
  "vector_type": "dense"
}
Logged upsert manifest to S3: manifests/pinecone_upsert_20250520_012940.jsonl
{
  "namespaces": {
    "": {
      "vector_count": 6400
    }
  },
  "index_fullness": 0.0,
  "total_vector_count": 6400,
  "dimension": 1536,
  "metric": "cosine",
  "vector_type": "dense"
}
Logged upsert manifest to S3: manifests/pinecone_upsert_20250520_013007.jsonl
{
  "namespaces": {
    "": {
      "vector_count": 6500
    }
  },
  "index_fullness": 0.0,
  "total_vector_count": 6500,
  "dimension": 1536,
  "metric": "cosine",
  "vector_type": "dense"
}
Logged upsert manifest to S3: manifests/pinecone_upsert_20250520_013038.jsonl
{
  "namespaces": {
    "": {
      "vector_count": 6600
    }
  },
  "index_fullness": 0.0,
  "total_vector_count": 6600,
  "dimension": 1536,
  "metric": "cosine",
  "vector_type": "dense"
}
Logged upsert manifest to S3: manifests/pinecone_upsert_20250520_013113.jsonl
{
  "namespaces": {
    "": {
      "vector_count": 6700
    }
  },
  "index_fullness": 0.0,
  "total_vector_count": 6700,
  "dimension": 1536,
  "metric": "cosine",
  "vector_type": "dense"
}
Logged upsert manifest to S3: manifests/pinecone_upsert_20250520_013141.jsonl
{
  "namespaces": {
    "": {
      "vector_count": 6800
    }
  },
  "index_fullness": 0.0,
  "total_vector_count": 6800,
  "dimension": 1536,
  "metric": "cosine",
  "vector_type": "dense"
}
Logged upsert manifest to S3: manifests/pinecone_upsert_20250520_013215.jsonl
{
  "namespaces": {
    "": {
      "vector_count": 6900
    }
  },
  "index_fullness": 0.0,
  "total_vector_count": 6900,
  "dimension": 1536,
  "metric": "cosine",
  "vector_type": "dense"
}
Logged upsert manifest to S3: manifests/pinecone_upsert_20250520_013247.jsonl
{
  "namespaces": {
    "": {
      "vector_count": 7000
    }
  },
  "index_fullness": 0.0,
  "total_vector_count": 7000,
  "dimension": 1536,
  "metric": "cosine",
  "vector_type": "dense"
}
Logged upsert manifest to S3: manifests/pinecone_upsert_20250520_013322.jsonl
{
  "namespaces": {
    "": {
      "vector_count": 7100
    }
  },
  "index_fullness": 0.0,
  "total_vector_count": 7100,
  "dimension": 1536,
  "metric": "cosine",
  "vector_type": "dense"
}
Logged upsert manifest to S3: manifests/pinecone_upsert_20250520_013352.jsonl
{
  "namespaces": {
    "": {
      "vector_count": 7200
    }
  },
  "index_fullness": 0.0,
  "total_vector_count": 7200,
  "dimension": 1536,
  "metric": "cosine",
  "vector_type": "dense"
}
Logged upsert manifest to S3: manifests/pinecone_upsert_20250520_013422.jsonl
{
  "namespaces": {
    "": {
      "vector_count": 7300
    }
  },
  "index_fullness": 0.0,
  "total_vector_count": 7300,
  "dimension": 1536,
  "metric": "cosine",
  "vector_type": "dense"
}
Logged upsert manifest to S3: manifests/pinecone_upsert_20250520_013452.jsonl
{
  "namespaces": {
    "": {
      "vector_count": 7400
    }
  },
  "index_fullness": 0.0,
  "total_vector_count": 7400,
  "dimension": 1536,
  "metric": "cosine",
  "vector_type": "dense"
}
Logged upsert manifest to S3: manifests/pinecone_upsert_20250520_013520.jsonl
{
  "namespaces": {
    "": {
      "vector_count": 7500
    }
  },
  "index_fullness": 0.0,
  "total_vector_count": 7500,
  "dimension": 1536,
  "metric": "cosine",
  "vector_type": "dense"
}
Logged upsert manifest to S3: manifests/pinecone_upsert_20250520_013552.jsonl
{
  "namespaces": {
    "": {
      "vector_count": 7600
    }
  },
  "index_fullness": 0.0,
  "total_vector_count": 7600,
  "dimension": 1536,
  "metric": "cosine",
  "vector_type": "dense"
}
Logged upsert manifest to S3: manifests/pinecone_upsert_20250520_013622.jsonl
{
  "namespaces": {
    "": {
      "vector_count": 7700
    }
  },
  "index_fullness": 0.0,
  "total_vector_count": 7700,
  "dimension": 1536,
  "metric": "cosine",
  "vector_type": "dense"
}
Logged upsert manifest to S3: manifests/pinecone_upsert_20250520_013654.jsonl
{
  "namespaces": {
    "": {
      "vector_count": 7800
    }
  },
  "index_fullness": 0.0,
  "total_vector_count": 7800,
  "dimension": 1536,
  "metric": "cosine",
  "vector_type": "dense"
}
Logged upsert manifest to S3: manifests/pinecone_upsert_20250520_013725.jsonl
{
  "namespaces": {
    "": {
      "vector_count": 7900
    }
  },
  "index_fullness": 0.0,
  "total_vector_count": 7900,
  "dimension": 1536,
  "metric": "cosine",
  "vector_type": "dense"
}
Logged upsert manifest to S3: manifests/pinecone_upsert_20250520_013755.jsonl
{
  "namespaces": {
    "": {
      "vector_count": 8000
    }
  },
  "index_fullness": 0.0,
  "total_vector_count": 8000,
  "dimension": 1536,
  "metric": "cosine",
  "vector_type": "dense"
}
Logged upsert manifest to S3: manifests/pinecone_upsert_20250520_013825.jsonl
{
  "namespaces": {
    "": {
      "vector_count": 8100
    }
  },
  "index_fullness": 0.0,
  "total_vector_count": 8100,
  "dimension": 1536,
  "metric": "cosine",
  "vector_type": "dense"
}
Logged upsert manifest to S3: manifests/pinecone_upsert_20250520_013855.jsonl
{
  "namespaces": {
    "": {
      "vector_count": 8200
    }
  },
  "index_fullness": 0.0,
  "total_vector_count": 8200,
  "dimension": 1536,
  "metric": "cosine",
  "vector_type": "dense"
}
Logged upsert manifest to S3: manifests/pinecone_upsert_20250520_013925.jsonl
{
  "namespaces": {
    "": {
      "vector_count": 8300
    }
  },
  "index_fullness": 0.0,
  "total_vector_count": 8300,
  "dimension": 1536,
  "metric": "cosine",
  "vector_type": "dense"
}
Logged upsert manifest to S3: manifests/pinecone_upsert_20250520_013956.jsonl
{
  "namespaces": {
    "": {
      "vector_count": 8400
    }
  },
  "index_fullness": 0.0,
  "total_vector_count": 8400,
  "dimension": 1536,
  "metric": "cosine",
  "vector_type": "dense"
}
Logged upsert manifest to S3: manifests/pinecone_upsert_20250520_014030.jsonl
{
  "namespaces": {
    "": {
      "vector_count": 8500
    }
  },
  "index_fullness": 0.0,
  "total_vector_count": 8500,
  "dimension": 1536,
  "metric": "cosine",
  "vector_type": "dense"
}
Logged upsert manifest to S3: manifests/pinecone_upsert_20250520_014100.jsonl
{
  "namespaces": {
    "": {
      "vector_count": 8600
    }
  },
  "index_fullness": 0.0,
  "total_vector_count": 8600,
  "dimension": 1536,
  "metric": "cosine",
  "vector_type": "dense"
}
Logged upsert manifest to S3: manifests/pinecone_upsert_20250520_014133.jsonl
{
  "namespaces": {
    "": {
      "vector_count": 8700
    }
  },
  "index_fullness": 0.0,
  "total_vector_count": 8700,
  "dimension": 1536,
  "metric": "cosine",
  "vector_type": "dense"
}
Logged upsert manifest to S3: manifests/pinecone_upsert_20250520_014203.jsonl
{
  "namespaces": {
    "": {
      "vector_count": 8800
    }
  },
  "index_fullness": 0.0,
  "total_vector_count": 8800,
  "dimension": 1536,
  "metric": "cosine",
  "vector_type": "dense"
}
Logged upsert manifest to S3: manifests/pinecone_upsert_20250520_014238.jsonl
{
  "namespaces": {
    "": {
      "vector_count": 8900
    }
  },
  "index_fullness": 0.0,
  "total_vector_count": 8900,
  "dimension": 1536,
  "metric": "cosine",
  "vector_type": "dense"
}
Logged upsert manifest to S3: manifests/pinecone_upsert_20250520_014310.jsonl
{
  "namespaces": {
    "": {
      "vector_count": 9000
    }
  },
  "index_fullness": 0.0,
  "total_vector_count": 9000,
  "dimension": 1536,
  "metric": "cosine",
  "vector_type": "dense"
}
Logged upsert manifest to S3: manifests/pinecone_upsert_20250520_014339.jsonl
{
  "namespaces": {
    "": {
      "vector_count": 9100
    }
  },
  "index_fullness": 0.0,
  "total_vector_count": 9100,
  "dimension": 1536,
  "metric": "cosine",
  "vector_type": "dense"
}
Logged upsert manifest to S3: manifests/pinecone_upsert_20250520_014411.jsonl
{
  "namespaces": {
    "": {
      "vector_count": 9200
    }
  },
  "index_fullness": 0.0,
  "total_vector_count": 9200,
  "dimension": 1536,
  "metric": "cosine",
  "vector_type": "dense"
}
Logged upsert manifest to S3: manifests/pinecone_upsert_20250520_014442.jsonl
{
  "namespaces": {
    "": {
      "vector_count": 9300
    }
  },
  "index_fullness": 0.0,
  "total_vector_count": 9300,
  "dimension": 1536,
  "metric": "cosine",
  "vector_type": "dense"
}
Logged upsert manifest to S3: manifests/pinecone_upsert_20250520_014514.jsonl
{
  "namespaces": {
    "": {
      "vector_count": 9400
    }
  },
  "index_fullness": 0.0,
  "total_vector_count": 9400,
  "dimension": 1536,
  "metric": "cosine",
  "vector_type": "dense"
}
Logged upsert manifest to S3: manifests/pinecone_upsert_20250520_014608.jsonl
{
  "namespaces": {
    "": {
      "vector_count": 9500
    }
  },
  "index_fullness": 0.0,
  "total_vector_count": 9500,
  "dimension": 1536,
  "metric": "cosine",
  "vector_type": "dense"
}
Logged upsert manifest to S3: manifests/pinecone_upsert_20250520_014636.jsonl
{
  "namespaces": {
    "": {
      "vector_count": 9600
    }
  },
  "index_fullness": 0.0,
  "total_vector_count": 9600,
  "dimension": 1536,
  "metric": "cosine",
  "vector_type": "dense"
}
Logged upsert manifest to S3: manifests/pinecone_upsert_20250520_014707.jsonl
{
  "namespaces": {
    "": {
      "vector_count": 9700
    }
  },
  "index_fullness": 0.0,
  "total_vector_count": 9700,
  "dimension": 1536,
  "metric": "cosine",
  "vector_type": "dense"
}
Logged upsert manifest to S3: manifests/pinecone_upsert_20250520_014735.jsonl
{
  "namespaces": {
    "": {
      "vector_count": 9800
    }
  },
  "index_fullness": 0.0,
  "total_vector_count": 9800,
  "dimension": 1536,
  "metric": "cosine",
  "vector_type": "dense"
}
Logged upsert manifest to S3: manifests/pinecone_upsert_20250520_014801.jsonl
{
  "namespaces": {
    "": {
      "vector_count": 9900
    }
  },
  "index_fullness": 0.0,
  "total_vector_count": 9900,
  "dimension": 1536,
  "metric": "cosine",
  "vector_type": "dense"
}
Logged upsert manifest to S3: manifests/pinecone_upsert_20250520_014830.jsonl
{
  "namespaces": {
    "": {
      "vector_count": 10000
    }
  },
  "index_fullness": 0.0,
  "total_vector_count": 10000,
  "dimension": 1536,
  "metric": "cosine",
  "vector_type": "dense"
}
Logged upsert manifest to S3: manifests/pinecone_upsert_20250520_014856.jsonl
{
  "namespaces": {
    "": {
      "vector_count": 10100
    }
  },
  "index_fullness": 0.0,
  "total_vector_count": 10100,
  "dimension": 1536,
  "metric": "cosine",
  "vector_type": "dense"
}
Logged upsert manifest to S3: manifests/pinecone_upsert_20250520_014928.jsonl
{
  "namespaces": {
    "": {
      "vector_count": 10200
    }
  },
  "index_fullness": 0.0,
  "total_vector_count": 10200,
  "dimension": 1536,
  "metric": "cosine",
  "vector_type": "dense"
}
Logged upsert manifest to S3: manifests/pinecone_upsert_20250520_015013.jsonl
{
  "namespaces": {
    "": {
      "vector_count": 10300
    }
  },
  "index_fullness": 0.0,
  "total_vector_count": 10300,
  "dimension": 1536,
  "metric": "cosine",
  "vector_type": "dense"
}
Logged upsert manifest to S3: manifests/pinecone_upsert_20250520_015045.jsonl
{
  "namespaces": {
    "": {
      "vector_count": 10400
    }
  },
  "index_fullness": 0.0,
  "total_vector_count": 10400,
  "dimension": 1536,
  "metric": "cosine",
  "vector_type": "dense"
}
Logged upsert manifest to S3: manifests/pinecone_upsert_20250520_015114.jsonl
{
  "namespaces": {
    "": {
      "vector_count": 10500
    }
  },
  "index_fullness": 0.0,
  "total_vector_count": 10500,
  "dimension": 1536,
  "metric": "cosine",
  "vector_type": "dense"
}
Logged upsert manifest to S3: manifests/pinecone_upsert_20250520_015144.jsonl
{
  "namespaces": {
    "": {
      "vector_count": 10600
    }
  },
  "index_fullness": 0.0,
  "total_vector_count": 10600,
  "dimension": 1536,
  "metric": "cosine",
  "vector_type": "dense"
}
Logged upsert manifest to S3: manifests/pinecone_upsert_20250520_015213.jsonl
{
  "namespaces": {
    "": {
      "vector_count": 10700
    }
  },
  "index_fullness": 0.0,
  "total_vector_count": 10700,
  "dimension": 1536,
  "metric": "cosine",
  "vector_type": "dense"
}
Logged upsert manifest to S3: manifests/pinecone_upsert_20250520_015239.jsonl
{
  "namespaces": {
    "": {
      "vector_count": 10800
    }
  },
  "index_fullness": 0.0,
  "total_vector_count": 10800,
  "dimension": 1536,
  "metric": "cosine",
  "vector_type": "dense"
}
Logged upsert manifest to S3: manifests/pinecone_upsert_20250520_015307.jsonl
{
  "namespaces": {
    "": {
      "vector_count": 10900
    }
  },
  "index_fullness": 0.0,
  "total_vector_count": 10900,
  "dimension": 1536,
  "metric": "cosine",
  "vector_type": "dense"
}
Logged upsert manifest to S3: manifests/pinecone_upsert_20250520_015338.jsonl
{
  "namespaces": {
    "": {
      "vector_count": 11000
    }
  },
  "index_fullness": 0.0,
  "total_vector_count": 11000,
  "dimension": 1536,
  "metric": "cosine",
  "vector_type": "dense"
}
Logged upsert manifest to S3: manifests/pinecone_upsert_20250520_015407.jsonl
{
  "namespaces": {
    "": {
      "vector_count": 11100
    }
  },
  "index_fullness": 0.0,
  "total_vector_count": 11100,
  "dimension": 1536,
  "metric": "cosine",
  "vector_type": "dense"
}
Logged upsert manifest to S3: manifests/pinecone_upsert_20250520_015504.jsonl
{
  "namespaces": {
    "": {
      "vector_count": 11200
    }
  },
  "index_fullness": 0.0,
  "total_vector_count": 11200,
  "dimension": 1536,
  "metric": "cosine",
  "vector_type": "dense"
}
Logged upsert manifest to S3: manifests/pinecone_upsert_20250520_015532.jsonl
{
  "namespaces": {
    "": {
      "vector_count": 11300
    }
  },
  "index_fullness": 0.0,
  "total_vector_count": 11300,
  "dimension": 1536,
  "metric": "cosine",
  "vector_type": "dense"
}
Logged upsert manifest to S3: manifests/pinecone_upsert_20250520_015601.jsonl
{
  "namespaces": {
    "": {
      "vector_count": 11400
    }
  },
  "index_fullness": 0.0,
  "total_vector_count": 11400,
  "dimension": 1536,
  "metric": "cosine",
  "vector_type": "dense"
}
Logged upsert manifest to S3: manifests/pinecone_upsert_20250520_015631.jsonl
{
  "namespaces": {
    "": {
      "vector_count": 11500
    }
  },
  "index_fullness": 0.0,
  "total_vector_count": 11500,
  "dimension": 1536,
  "metric": "cosine",
  "vector_type": "dense"
}
Logged upsert manifest to S3: manifests/pinecone_upsert_20250520_015659.jsonl
{
  "namespaces": {
    "": {
      "vector_count": 11600
    }
  },
  "index_fullness": 0.0,
  "total_vector_count": 11600,
  "dimension": 1536,
  "metric": "cosine",
  "vector_type": "dense"
}
Logged upsert manifest to S3: manifests/pinecone_upsert_20250520_015733.jsonl
{
  "namespaces": {
    "": {
      "vector_count": 11700
    }
  },
  "index_fullness": 0.0,
  "total_vector_count": 11700,
  "dimension": 1536,
  "metric": "cosine",
  "vector_type": "dense"
}
Logged upsert manifest to S3: manifests/pinecone_upsert_20250520_015803.jsonl
{
  "namespaces": {
    "": {
      "vector_count": 11800
    }
  },
  "index_fullness": 0.0,
  "total_vector_count": 11800,
  "dimension": 1536,
  "metric": "cosine",
  "vector_type": "dense"
}
Logged upsert manifest to S3: manifests/pinecone_upsert_20250520_015833.jsonl
{
  "namespaces": {
    "": {
      "vector_count": 11900
    }
  },
  "index_fullness": 0.0,
  "total_vector_count": 11900,
  "dimension": 1536,
  "metric": "cosine",
  "vector_type": "dense"
}
Logged upsert manifest to S3: manifests/pinecone_upsert_20250520_015901.jsonl
{
  "namespaces": {
    "": {
      "vector_count": 12000
    }
  },
  "index_fullness": 0.0,
  "total_vector_count": 12000,
  "dimension": 1536,
  "metric": "cosine",
  "vector_type": "dense"
}
Logged upsert manifest to S3: manifests/pinecone_upsert_20250520_020041.jsonl
{
  "namespaces": {
    "": {
      "vector_count": 12100
    }
  },
  "index_fullness": 0.0,
  "total_vector_count": 12100,
  "dimension": 1536,
  "metric": "cosine",
  "vector_type": "dense"
}
Logged upsert manifest to S3: manifests/pinecone_upsert_20250520_020217.jsonl
{
  "namespaces": {
    "": {
      "vector_count": 12200
    }
  },
  "index_fullness": 0.0,
  "total_vector_count": 12200,
  "dimension": 1536,
  "metric": "cosine",
  "vector_type": "dense"
}
